<?xml version="1.0" encoding="UTF-8"?>
<coverage generated="1742669785796" clover="3.2.0">
  <project timestamp="1742669785796" name="All files">
    <metrics statements="372" coveredstatements="273" conditionals="195" coveredconditionals="104" methods="72" coveredmethods="54" elements="639" coveredelements="431" complexity="0" loc="372" ncloc="372" packages="2" files="4" classes="4"/>
    <package name="engine">
      <metrics statements="341" coveredstatements="258" conditionals="195" coveredconditionals="104" methods="65" coveredmethods="51"/>
      <file name="BPRegenerationService.ts" path="/home/cango/repos/vibe-jam/server/src/engine/BPRegenerationService.ts">
        <metrics statements="118" coveredstatements="102" conditionals="69" coveredconditionals="58" methods="20" coveredmethods="19"/>
        <line num="1" count="2" type="stmt"/>
        <line num="2" count="2" type="stmt"/>
        <line num="18" count="2" type="stmt"/>
        <line num="23" count="2" type="stmt"/>
        <line num="36" count="2" type="stmt"/>
        <line num="37" count="11" type="stmt"/>
        <line num="54" count="11" type="stmt"/>
        <line num="60" count="11" type="cond" truecount="1" falsecount="0"/>
        <line num="61" count="1" type="stmt"/>
        <line num="65" count="11" type="cond" truecount="1" falsecount="0"/>
        <line num="66" count="2" type="stmt"/>
        <line num="70" count="11" type="cond" truecount="0" falsecount="1"/>
        <line num="71" count="0" type="stmt"/>
        <line num="75" count="11" type="cond" truecount="0" falsecount="1"/>
        <line num="76" count="0" type="stmt"/>
        <line num="80" count="11" type="cond" truecount="0" falsecount="1"/>
        <line num="81" count="0" type="stmt"/>
        <line num="84" count="11" type="stmt"/>
        <line num="95" count="10" type="stmt"/>
        <line num="96" count="10" type="stmt"/>
        <line num="99" count="10" type="stmt"/>
        <line num="110" count="10" type="stmt"/>
        <line num="111" count="10" type="cond" truecount="2" falsecount="0"/>
        <line num="116" count="10" type="cond" truecount="1" falsecount="0"/>
        <line num="117" count="9" type="stmt"/>
        <line num="121" count="5" type="stmt"/>
        <line num="122" count="1" type="stmt"/>
        <line num="124" count="2" type="cond" truecount="1" falsecount="0"/>
        <line num="125" count="1" type="stmt"/>
        <line num="129" count="1" type="stmt"/>
        <line num="130" count="1" type="cond" truecount="0" falsecount="1"/>
        <line num="131" count="0" type="stmt"/>
        <line num="135" count="1" type="stmt"/>
        <line num="142" count="1" type="cond" truecount="3" falsecount="0"/>
        <line num="143" count="1" type="stmt"/>
        <line num="147" count="0" type="stmt"/>
        <line num="158" count="11" type="stmt"/>
        <line num="159" count="11" type="cond" truecount="2" falsecount="0"/>
        <line num="164" count="11" type="cond" truecount="1" falsecount="0"/>
        <line num="165" count="9" type="stmt"/>
        <line num="169" count="7" type="stmt"/>
        <line num="170" count="2" type="stmt"/>
        <line num="172" count="4" type="stmt"/>
        <line num="173" count="4" type="cond" truecount="1" falsecount="0"/>
        <line num="174" count="2" type="stmt"/>
        <line num="178" count="2" type="stmt"/>
        <line num="185" count="2" type="cond" truecount="2" falsecount="1"/>
        <line num="186" count="0" type="stmt"/>
        <line num="190" count="2" type="stmt"/>
        <line num="202" count="11" type="stmt"/>
        <line num="203" count="11" type="cond" truecount="2" falsecount="0"/>
        <line num="208" count="11" type="stmt"/>
        <line num="209" count="184" type="cond" truecount="3" falsecount="0"/>
        <line num="215" count="11" type="stmt"/>
        <line num="217" count="28" type="stmt"/>
        <line num="218" count="28" type="cond" truecount="1" falsecount="0"/>
        <line num="219" count="15" type="stmt"/>
        <line num="223" count="13" type="stmt"/>
        <line num="230" count="13" type="cond" truecount="0" falsecount="1"/>
        <line num="231" count="0" type="stmt"/>
        <line num="235" count="11" type="stmt"/>
        <line num="246" count="11" type="stmt"/>
        <line num="247" count="11" type="cond" truecount="2" falsecount="0"/>
        <line num="252" count="11" type="stmt"/>
        <line num="253" count="171" type="cond" truecount="2" falsecount="0"/>
        <line num="256" count="11" type="cond" truecount="0" falsecount="1"/>
        <line num="257" count="0" type="stmt"/>
        <line num="261" count="11" type="stmt"/>
        <line num="262" count="184" type="cond" truecount="1" falsecount="0"/>
        <line num="263" count="92" type="stmt"/>
        <line num="266" count="92" type="stmt"/>
        <line num="268" count="92" type="stmt"/>
        <line num="269" count="0" type="stmt"/>
        <line num="271" count="92" type="stmt"/>
        <line num="276" count="11" type="stmt"/>
        <line num="287" count="10" type="cond" truecount="2" falsecount="0"/>
        <line num="292" count="182" type="stmt"/>
        <line num="295" count="10" type="stmt"/>
        <line num="296" count="91" type="stmt"/>
        <line num="298" count="91" type="stmt"/>
        <line num="299" count="0" type="stmt"/>
        <line num="301" count="91" type="stmt"/>
        <line num="303" count="0" type="stmt"/>
        <line num="320" count="33" type="stmt"/>
        <line num="321" count="33" type="stmt"/>
        <line num="324" count="33" type="cond" truecount="4" falsecount="0"/>
        <line num="325" count="17" type="stmt"/>
        <line num="328" count="16" type="cond" truecount="4" falsecount="0"/>
        <line num="329" count="16" type="cond" truecount="4" falsecount="0"/>
        <line num="331" count="16" type="stmt"/>
        <line num="348" count="3" type="stmt"/>
        <line num="349" count="3" type="stmt"/>
        <line num="350" count="3" type="stmt"/>
        <line num="353" count="3" type="stmt"/>
        <line num="354" count="3" type="stmt"/>
        <line num="357" count="3" type="cond" truecount="4" falsecount="0"/>
        <line num="358" count="2" type="stmt"/>
        <line num="360" count="2" type="cond" truecount="4" falsecount="0"/>
        <line num="361" count="2" type="stmt"/>
        <line num="364" count="0" type="cond" truecount="0" falsecount="1"/>
        <line num="366" count="0" type="stmt"/>
        <line num="369" count="0" type="stmt"/>
        <line num="370" count="0" type="stmt"/>
        <line num="373" count="1" type="stmt"/>
        <line num="390" count="13" type="stmt"/>
        <line num="391" count="13" type="stmt"/>
        <line num="392" count="13" type="stmt"/>
        <line num="395" count="13" type="cond" truecount="4" falsecount="0"/>
        <line num="396" count="15" type="stmt"/>
        <line num="398" count="15" type="cond" truecount="3" falsecount="1"/>
        <line num="399" count="0" type="stmt"/>
        <line num="402" count="15" type="cond" truecount="1" falsecount="0"/>
        <line num="404" count="13" type="stmt"/>
        <line num="407" count="2" type="stmt"/>
        <line num="408" count="2" type="stmt"/>
        <line num="411" count="13" type="stmt"/>
        <line num="421" count="2" type="stmt"/>
        <line num="430" count="2" type="stmt"/>
      </file>
      <file name="GameState.ts" path="/home/cango/repos/vibe-jam/server/src/engine/GameState.ts">
        <metrics statements="112" coveredstatements="72" conditionals="81" coveredconditionals="24" methods="32" coveredmethods="20"/>
        <line num="1" count="3" type="stmt"/>
        <line num="2" count="3" type="stmt"/>
        <line num="19" count="3" type="stmt"/>
        <line num="25" count="3" type="stmt"/>
        <line num="36" count="29" type="stmt"/>
        <line num="39" count="29" type="stmt"/>
        <line num="42" count="29" type="stmt"/>
        <line num="62" count="29" type="stmt"/>
        <line num="69" count="0" type="stmt"/>
        <line num="76" count="56" type="stmt"/>
        <line num="83" count="74" type="stmt"/>
        <line num="90" count="17" type="cond" truecount="3" falsecount="0"/>
        <line num="100" count="7" type="stmt"/>
        <line num="107" count="29" type="stmt"/>
        <line num="110" count="29" type="stmt"/>
        <line num="111" count="232" type="stmt"/>
        <line num="112" count="232" type="stmt"/>
        <line num="116" count="29" type="stmt"/>
        <line num="117" count="29" type="stmt"/>
        <line num="118" count="29" type="stmt"/>
        <line num="119" count="29" type="stmt"/>
        <line num="122" count="29" type="stmt"/>
        <line num="123" count="29" type="stmt"/>
        <line num="124" count="29" type="stmt"/>
        <line num="125" count="29" type="stmt"/>
        <line num="128" count="29" type="stmt"/>
        <line num="129" count="29" type="stmt"/>
        <line num="130" count="29" type="stmt"/>
        <line num="131" count="29" type="stmt"/>
        <line num="134" count="29" type="stmt"/>
        <line num="135" count="29" type="stmt"/>
        <line num="138" count="29" type="stmt"/>
        <line num="139" count="29" type="stmt"/>
        <line num="142" count="29" type="stmt"/>
        <line num="143" count="29" type="stmt"/>
        <line num="150" count="46" type="stmt"/>
        <line num="151" count="986" type="stmt"/>
        <line num="153" count="46" type="stmt"/>
        <line num="162" count="2" type="cond" truecount="2" falsecount="0"/>
        <line num="163" count="1" type="stmt"/>
        <line num="165" count="1" type="stmt"/>
        <line num="167" count="2" type="stmt"/>
        <line num="175" count="3" type="stmt"/>
        <line num="176" count="3" type="stmt"/>
        <line num="184" count="11" type="stmt"/>
        <line num="185" count="11" type="stmt"/>
        <line num="194" count="4" type="cond" truecount="2" falsecount="0"/>
        <line num="195" count="3" type="stmt"/>
        <line num="197" count="1" type="stmt"/>
        <line num="207" count="11" type="cond" truecount="2" falsecount="0"/>
        <line num="219" count="4" type="stmt"/>
        <line num="220" count="4" type="stmt"/>
        <line num="221" count="4" type="stmt"/>
        <line num="222" count="4" type="stmt"/>
        <line num="229" count="9" type="cond" truecount="2" falsecount="0"/>
        <line num="234" count="9" type="stmt"/>
        <line num="235" count="9" type="cond" truecount="2" falsecount="0"/>
        <line num="239" count="9" type="cond" truecount="1" falsecount="0"/>
        <line num="240" count="1" type="stmt"/>
        <line num="243" count="1" type="cond" truecount="1" falsecount="1"/>
        <line num="244" count="1" type="stmt"/>
        <line num="246" count="0" type="stmt"/>
        <line num="257" count="9" type="cond" truecount="2" falsecount="0"/>
        <line num="258" count="7" type="stmt"/>
        <line num="260" count="2" type="stmt"/>
        <line num="270" count="20" type="stmt"/>
        <line num="271" count="296" type="cond" truecount="2" falsecount="0"/>
        <line num="281" count="4" type="stmt"/>
        <line num="289" count="0" type="stmt"/>
        <line num="290" count="0" type="stmt"/>
        <line num="297" count="0" type="stmt"/>
        <line num="313" count="0" type="stmt"/>
        <line num="325" count="0" type="stmt"/>
        <line num="338" count="0" type="stmt"/>
        <line num="350" count="17" type="stmt"/>
        <line num="353" count="17" type="cond" truecount="1" falsecount="0"/>
        <line num="354" count="17" type="stmt"/>
        <line num="355" count="17" type="stmt"/>
        <line num="359" count="17" type="stmt"/>
        <line num="361" count="17" type="stmt"/>
        <line num="372" count="0" type="cond" truecount="0" falsecount="1"/>
        <line num="373" count="0" type="stmt"/>
        <line num="377" count="0" type="stmt"/>
        <line num="398" count="0" type="stmt"/>
        <line num="401" count="0" type="stmt"/>
        <line num="403" count="0" type="stmt"/>
        <line num="412" count="0" type="stmt"/>
        <line num="423" count="0" type="cond" truecount="0" falsecount="3"/>
        <line num="424" count="0" type="stmt"/>
        <line num="427" count="0" type="cond" truecount="0" falsecount="3"/>
        <line num="428" count="0" type="stmt"/>
        <line num="431" count="0" type="cond" truecount="0" falsecount="3"/>
        <line num="432" count="0" type="stmt"/>
        <line num="436" count="0" type="cond" truecount="0" falsecount="4"/>
        <line num="437" count="0" type="stmt"/>
        <line num="440" count="0" type="cond" truecount="0" falsecount="4"/>
        <line num="441" count="0" type="stmt"/>
        <line num="445" count="0" type="cond" truecount="0" falsecount="1"/>
        <line num="447" count="0" type="stmt"/>
        <line num="448" count="0" type="stmt"/>
        <line num="449" count="0" type="stmt"/>
        <line num="450" count="0" type="cond" truecount="0" falsecount="1"/>
        <line num="451" count="0" type="stmt"/>
        <line num="453" count="0" type="stmt"/>
        <line num="456" count="0" type="cond" truecount="0" falsecount="5"/>
        <line num="457" count="0" type="stmt"/>
        <line num="462" count="0" type="cond" truecount="0" falsecount="2"/>
        <line num="463" count="0" type="cond" truecount="0" falsecount="2"/>
        <line num="465" count="0" type="cond" truecount="0" falsecount="1"/>
        <line num="466" count="0" type="stmt"/>
        <line num="469" count="0" type="cond" truecount="0" falsecount="1"/>
        <line num="470" count="0" type="stmt"/>
      </file>
      <file name="MoveExecutor.ts" path="/home/cango/repos/vibe-jam/server/src/engine/MoveExecutor.ts">
        <metrics statements="111" coveredstatements="84" conditionals="45" coveredconditionals="22" methods="13" coveredmethods="12"/>
        <line num="1" count="2" type="stmt"/>
        <line num="15" count="2" type="stmt"/>
        <line num="21" count="2" type="stmt"/>
        <line num="22" count="10" type="stmt"/>
        <line num="45" count="13" type="stmt"/>
        <line num="48" count="13" type="cond" truecount="0" falsecount="1"/>
        <line num="49" count="0" type="stmt"/>
        <line num="53" count="13" type="cond" truecount="1" falsecount="0"/>
        <line num="54" count="2" type="stmt"/>
        <line num="58" count="11" type="cond" truecount="0" falsecount="1"/>
        <line num="59" count="0" type="stmt"/>
        <line num="63" count="11" type="stmt"/>
        <line num="64" count="11" type="cond" truecount="1" falsecount="0"/>
        <line num="65" count="1" type="stmt"/>
        <line num="69" count="10" type="cond" truecount="1" falsecount="0"/>
        <line num="70" count="1" type="stmt"/>
        <line num="74" count="9" type="stmt"/>
        <line num="78" count="9" type="stmt"/>
        <line num="79" count="9" type="stmt"/>
        <line num="81" count="3" type="stmt"/>
        <line num="89" count="6" type="cond" truecount="0" falsecount="1"/>
        <line num="90" count="0" type="stmt"/>
        <line num="94" count="6" type="stmt"/>
        <line num="97" count="6" type="cond" truecount="1" falsecount="2"/>
        <line num="99" count="0" type="stmt"/>
        <line num="102" count="0" type="stmt"/>
        <line num="105" count="0" type="stmt"/>
        <line num="114" count="6" type="stmt"/>
        <line num="117" count="6" type="stmt"/>
        <line num="143" count="6" type="stmt"/>
        <line num="144" count="6" type="stmt"/>
        <line num="146" count="6" type="stmt"/>
        <line num="147" count="40" type="cond" truecount="2" falsecount="0"/>
        <line num="150" count="6" type="cond" truecount="0" falsecount="1"/>
        <line num="151" count="0" type="stmt"/>
        <line num="154" count="6" type="stmt"/>
        <line num="157" count="6" type="cond" truecount="0" falsecount="1"/>
        <line num="159" count="0" type="cond" truecount="0" falsecount="1"/>
        <line num="160" count="0" type="stmt"/>
        <line num="169" count="0" type="cond" truecount="0" falsecount="3"/>
        <line num="170" count="0" type="stmt"/>
        <line num="180" count="6" type="stmt"/>
        <line num="187" count="6" type="cond" truecount="1" falsecount="0"/>
        <line num="188" count="1" type="stmt"/>
        <line num="193" count="6" type="cond" truecount="1" falsecount="2"/>
        <line num="195" count="0" type="stmt"/>
        <line num="201" count="0" type="stmt"/>
        <line num="205" count="6" type="stmt"/>
        <line num="213" count="6" type="stmt"/>
        <line num="228" count="1" type="stmt"/>
        <line num="229" count="1" type="stmt"/>
        <line num="232" count="1" type="cond" truecount="1" falsecount="1"/>
        <line num="233" count="1" type="cond" truecount="1" falsecount="1"/>
        <line num="235" count="1" type="stmt"/>
        <line num="236" count="3" type="cond" truecount="3" falsecount="0"/>
        <line num="241" count="1" type="cond" truecount="0" falsecount="1"/>
        <line num="242" count="0" type="stmt"/>
        <line num="246" count="1" type="stmt"/>
        <line num="270" count="6" type="stmt"/>
        <line num="273" count="6" type="stmt"/>
        <line num="276" count="6" type="stmt"/>
        <line num="279" count="6" type="stmt"/>
        <line num="294" count="6" type="stmt"/>
        <line num="301" count="6" type="stmt"/>
        <line num="304" count="6" type="stmt"/>
        <line num="307" count="6" type="cond" truecount="2" falsecount="0"/>
        <line num="311" count="6" type="cond" truecount="1" falsecount="1"/>
        <line num="313" count="0" type="stmt"/>
        <line num="315" count="0" type="cond" truecount="0" falsecount="2"/>
        <line num="316" count="0" type="stmt"/>
        <line num="318" count="0" type="stmt"/>
        <line num="322" count="6" type="stmt"/>
        <line num="324" count="6" type="cond" truecount="1" falsecount="1"/>
        <line num="325" count="0" type="stmt"/>
        <line num="327" count="6" type="stmt"/>
        <line num="332" count="6" type="stmt"/>
        <line num="341" count="0" type="stmt"/>
        <line num="342" count="0" type="stmt"/>
        <line num="345" count="0" type="cond" truecount="0" falsecount="1"/>
        <line num="346" count="0" type="stmt"/>
        <line num="350" count="0" type="stmt"/>
        <line num="359" count="6" type="stmt"/>
        <line num="360" count="6" type="stmt"/>
        <line num="363" count="6" type="cond" truecount="0" falsecount="1"/>
        <line num="364" count="0" type="stmt"/>
        <line num="368" count="6" type="stmt"/>
        <line num="378" count="135" type="stmt"/>
        <line num="381" count="6" type="stmt"/>
        <line num="383" count="6" type="stmt"/>
        <line num="386" count="6" type="stmt"/>
        <line num="387" count="6" type="stmt"/>
        <line num="389" count="6" type="stmt"/>
        <line num="393" count="6" type="cond" truecount="1" falsecount="0"/>
        <line num="395" count="6" type="stmt"/>
        <line num="399" count="0" type="stmt"/>
        <line num="405" count="0" type="stmt"/>
        <line num="415" count="6" type="stmt"/>
        <line num="418" count="6" type="stmt"/>
        <line num="419" count="48" type="stmt"/>
        <line num="420" count="384" type="stmt"/>
        <line num="423" count="384" type="stmt"/>
        <line num="424" count="384" type="cond" truecount="3" falsecount="0"/>
        <line num="425" count="66" type="stmt"/>
        <line num="428" count="318" type="stmt"/>
        <line num="430" count="318" type="stmt"/>
        <line num="433" count="18" type="stmt"/>
        <line num="436" count="300" type="stmt"/>
        <line num="441" count="6" type="stmt"/>
        <line num="460" count="6" type="stmt"/>
        <line num="463" count="6" type="stmt"/>
        <line num="471" count="6" type="stmt"/>
      </file>
    </package>
    <package name="utils">
      <metrics statements="31" coveredstatements="15" conditionals="0" coveredconditionals="0" methods="7" coveredmethods="3"/>
      <file name="ScenarioFactory.ts" path="/home/cango/repos/vibe-jam/server/src/utils/ScenarioFactory.ts">
        <metrics statements="31" coveredstatements="15" conditionals="0" coveredconditionals="0" methods="7" coveredmethods="3"/>
        <line num="1" count="3" type="stmt"/>
        <line num="2" count="3" type="stmt"/>
        <line num="10" count="3" type="stmt"/>
        <line num="17" count="3" type="stmt"/>
        <line num="23" count="0" type="stmt"/>
        <line num="24" count="0" type="stmt"/>
        <line num="33" count="8" type="stmt"/>
        <line num="36" count="8" type="stmt"/>
        <line num="53" count="8" type="stmt"/>
        <line num="54" count="8" type="stmt"/>
        <line num="62" count="1" type="stmt"/>
        <line num="65" count="1" type="stmt"/>
        <line num="75" count="8" type="stmt"/>
        <line num="101" count="1" type="stmt"/>
        <line num="102" count="1" type="stmt"/>
        <line num="104" count="1" type="stmt"/>
        <line num="112" count="0" type="stmt"/>
        <line num="115" count="0" type="stmt"/>
        <line num="140" count="0" type="stmt"/>
        <line num="141" count="0" type="stmt"/>
        <line num="143" count="0" type="stmt"/>
        <line num="152" count="0" type="stmt"/>
        <line num="155" count="0" type="stmt"/>
        <line num="190" count="0" type="stmt"/>
        <line num="193" count="0" type="stmt"/>
        <line num="194" count="0" type="stmt"/>
        <line num="196" count="0" type="stmt"/>
        <line num="205" count="0" type="stmt"/>
        <line num="206" count="0" type="stmt"/>
        <line num="207" count="0" type="stmt"/>
        <line num="214" count="3" type="stmt"/>
      </file>
    </package>
  </project>
</coverage>
