{"/home/cango/repos/vibe-jam/server/src/engine/BPRegenerationService.ts": {"path":"/home/cango/repos/vibe-jam/server/src/engine/BPRegenerationService.ts","statementMap":{"0":{"start":{"line":1,"column":0},"end":{"line":1,"column":36}},"1":{"start":{"line":2,"column":0},"end":{"line":2,"column":null}},"2":{"start":{"line":18,"column":22},"end":{"line":18,"column":23}},"3":{"start":{"line":23,"column":25},"end":{"line":30,"column":2}},"4":{"start":{"line":37,"column":22},"end":{"line":37,"column":42}},"5":{"start":{"line":54,"column":23},"end":{"line":54,"column":36}},"6":{"start":{"line":60,"column":4},"end":{"line":62,"column":5}},"7":{"start":{"line":61,"column":6},"end":{"line":61,"column":44}},"8":{"start":{"line":65,"column":4},"end":{"line":67,"column":5}},"9":{"start":{"line":66,"column":6},"end":{"line":66,"column":43}},"10":{"start":{"line":70,"column":4},"end":{"line":72,"column":5}},"11":{"start":{"line":71,"column":6},"end":{"line":71,"column":46}},"12":{"start":{"line":75,"column":4},"end":{"line":77,"column":5}},"13":{"start":{"line":76,"column":6},"end":{"line":76,"column":57}},"14":{"start":{"line":80,"column":4},"end":{"line":82,"column":5}},"15":{"start":{"line":81,"column":6},"end":{"line":81,"column":52}},"16":{"start":{"line":84,"column":4},"end":{"line":84,"column":24}},"17":{"start":{"line":95,"column":18},"end":{"line":95,"column":43}},"18":{"start":{"line":96,"column":27},"end":{"line":96,"column":67}},"19":{"start":{"line":99,"column":4},"end":{"line":99,"column":38}},"20":{"start":{"line":110,"column":18},"end":{"line":110,"column":43}},"21":{"start":{"line":111,"column":26},"end":{"line":113,"column":25}},"22":{"start":{"line":116,"column":4},"end":{"line":118,"column":5}},"23":{"start":{"line":117,"column":6},"end":{"line":117,"column":19}},"24":{"start":{"line":121,"column":27},"end":{"line":121,"column":83}},"25":{"start":{"line":121,"column":57},"end":{"line":121,"column":82}},"26":{"start":{"line":122,"column":4},"end":{"line":145,"column":5}},"27":{"start":{"line":124,"column":6},"end":{"line":126,"column":7}},"28":{"start":{"line":125,"column":8},"end":{"line":125,"column":17}},"29":{"start":{"line":129,"column":24},"end":{"line":129,"column":69}},"30":{"start":{"line":130,"column":6},"end":{"line":132,"column":7}},"31":{"start":{"line":131,"column":8},"end":{"line":131,"column":17}},"32":{"start":{"line":135,"column":26},"end":{"line":139,"column":null}},"33":{"start":{"line":142,"column":6},"end":{"line":144,"column":7}},"34":{"start":{"line":143,"column":8},"end":{"line":143,"column":20}},"35":{"start":{"line":147,"column":4},"end":{"line":147,"column":17}},"36":{"start":{"line":158,"column":18},"end":{"line":158,"column":43}},"37":{"start":{"line":159,"column":26},"end":{"line":161,"column":25}},"38":{"start":{"line":164,"column":4},"end":{"line":166,"column":5}},"39":{"start":{"line":165,"column":6},"end":{"line":165,"column":19}},"40":{"start":{"line":169,"column":27},"end":{"line":169,"column":83}},"41":{"start":{"line":169,"column":57},"end":{"line":169,"column":82}},"42":{"start":{"line":170,"column":4},"end":{"line":188,"column":5}},"43":{"start":{"line":172,"column":24},"end":{"line":172,"column":69}},"44":{"start":{"line":173,"column":6},"end":{"line":175,"column":7}},"45":{"start":{"line":174,"column":8},"end":{"line":174,"column":17}},"46":{"start":{"line":178,"column":26},"end":{"line":182,"column":null}},"47":{"start":{"line":185,"column":6},"end":{"line":187,"column":7}},"48":{"start":{"line":186,"column":8},"end":{"line":186,"column":20}},"49":{"start":{"line":190,"column":4},"end":{"line":190,"column":17}},"50":{"start":{"line":202,"column":18},"end":{"line":202,"column":43}},"51":{"start":{"line":203,"column":26},"end":{"line":205,"column":25}},"52":{"start":{"line":208,"column":27},"end":{"line":212,"column":null}},"53":{"start":{"line":209,"column":6},"end":{"line":212,"column":30}},"54":{"start":{"line":215,"column":4},"end":{"line":233,"column":5}},"55":{"start":{"line":217,"column":24},"end":{"line":217,"column":71}},"56":{"start":{"line":218,"column":6},"end":{"line":220,"column":7}},"57":{"start":{"line":219,"column":8},"end":{"line":219,"column":17}},"58":{"start":{"line":223,"column":26},"end":{"line":227,"column":null}},"59":{"start":{"line":230,"column":6},"end":{"line":232,"column":7}},"60":{"start":{"line":231,"column":8},"end":{"line":231,"column":20}},"61":{"start":{"line":235,"column":4},"end":{"line":235,"column":17}},"62":{"start":{"line":246,"column":18},"end":{"line":246,"column":43}},"63":{"start":{"line":247,"column":26},"end":{"line":249,"column":25}},"64":{"start":{"line":252,"column":25},"end":{"line":253,"column":null}},"65":{"start":{"line":253,"column":6},"end":{"line":253,"column":60}},"66":{"start":{"line":256,"column":4},"end":{"line":258,"column":5}},"67":{"start":{"line":257,"column":6},"end":{"line":257,"column":19}},"68":{"start":{"line":261,"column":28},"end":{"line":273,"column":6}},"69":{"start":{"line":262,"column":6},"end":{"line":264,"column":7}},"70":{"start":{"line":263,"column":8},"end":{"line":263,"column":21}},"71":{"start":{"line":266,"column":6},"end":{"line":272,"column":7}},"72":{"start":{"line":268,"column":8},"end":{"line":268,"column":77}},"73":{"start":{"line":269,"column":8},"end":{"line":269,"column":20}},"74":{"start":{"line":271,"column":8},"end":{"line":271,"column":21}},"75":{"start":{"line":276,"column":4},"end":{"line":276,"column":39}},"76":{"start":{"line":287,"column":26},"end":{"line":289,"column":25}},"77":{"start":{"line":292,"column":27},"end":{"line":292,"column":83}},"78":{"start":{"line":292,"column":57},"end":{"line":292,"column":82}},"79":{"start":{"line":295,"column":4},"end":{"line":310,"column":8}},"80":{"start":{"line":296,"column":6},"end":{"line":302,"column":7}},"81":{"start":{"line":298,"column":8},"end":{"line":298,"column":69}},"82":{"start":{"line":299,"column":8},"end":{"line":299,"column":20}},"83":{"start":{"line":301,"column":8},"end":{"line":301,"column":21}},"84":{"start":{"line":303,"column":17},"end":{"line":310,"column":6}},"85":{"start":{"line":320,"column":15},"end":{"line":320,"column":28}},"86":{"start":{"line":321,"column":15},"end":{"line":321,"column":28}},"87":{"start":{"line":324,"column":4},"end":{"line":326,"column":5}},"88":{"start":{"line":325,"column":6},"end":{"line":325,"column":18}},"89":{"start":{"line":328,"column":17},"end":{"line":328,"column":47}},"90":{"start":{"line":329,"column":17},"end":{"line":329,"column":47}},"91":{"start":{"line":331,"column":4},"end":{"line":331,"column":24}},"92":{"start":{"line":348,"column":25},"end":{"line":348,"column":34}},"93":{"start":{"line":349,"column":12},"end":{"line":349,"column":29}},"94":{"start":{"line":350,"column":12},"end":{"line":350,"column":29}},"95":{"start":{"line":353,"column":4},"end":{"line":353,"column":14}},"96":{"start":{"line":354,"column":4},"end":{"line":354,"column":14}},"97":{"start":{"line":357,"column":4},"end":{"line":371,"column":5}},"98":{"start":{"line":358,"column":20},"end":{"line":358,"column":46}},"99":{"start":{"line":360,"column":6},"end":{"line":362,"column":7}},"100":{"start":{"line":361,"column":8},"end":{"line":361,"column":21}},"101":{"start":{"line":364,"column":6},"end":{"line":367,"column":7}},"102":{"start":{"line":366,"column":8},"end":{"line":366,"column":14}},"103":{"start":{"line":369,"column":6},"end":{"line":369,"column":16}},"104":{"start":{"line":370,"column":6},"end":{"line":370,"column":16}},"105":{"start":{"line":373,"column":4},"end":{"line":373,"column":16}},"106":{"start":{"line":390,"column":25},"end":{"line":390,"column":34}},"107":{"start":{"line":391,"column":12},"end":{"line":391,"column":29}},"108":{"start":{"line":392,"column":12},"end":{"line":392,"column":29}},"109":{"start":{"line":395,"column":4},"end":{"line":409,"column":5}},"110":{"start":{"line":396,"column":20},"end":{"line":396,"column":46}},"111":{"start":{"line":398,"column":6},"end":{"line":400,"column":7}},"112":{"start":{"line":399,"column":8},"end":{"line":399,"column":21}},"113":{"start":{"line":402,"column":6},"end":{"line":405,"column":7}},"114":{"start":{"line":404,"column":8},"end":{"line":404,"column":14}},"115":{"start":{"line":407,"column":6},"end":{"line":407,"column":16}},"116":{"start":{"line":408,"column":6},"end":{"line":408,"column":16}},"117":{"start":{"line":411,"column":4},"end":{"line":411,"column":16}},"118":{"start":{"line":421,"column":19},"end":{"line":428,"column":6}},"119":{"start":{"line":430,"column":4},"end":{"line":430,"column":43}},"120":{"start":{"line":36,"column":0},"end":{"line":36,"column":13}}},"fnMap":{"0":{"name":"(anonymous_0)","decl":{"start":{"line":37,"column":2},"end":{"line":37,"column":22}},"loc":{"start":{"line":37,"column":42},"end":{"line":37,"column":46}}},"1":{"name":"(anonymous_1)","decl":{"start":{"line":47,"column":2},"end":{"line":47,"column":23}},"loc":{"start":{"line":51,"column":19},"end":{"line":85,"column":3}}},"2":{"name":"(anonymous_2)","decl":{"start":{"line":94,"column":10},"end":{"line":94,"column":20}},"loc":{"start":{"line":94,"column":50},"end":{"line":100,"column":3}}},"3":{"name":"(anonymous_3)","decl":{"start":{"line":109,"column":10},"end":{"line":109,"column":19}},"loc":{"start":{"line":109,"column":49},"end":{"line":148,"column":3}}},"4":{"name":"(anonymous_4)","decl":{"start":{"line":121,"column":52},"end":{"line":121,"column":53}},"loc":{"start":{"line":121,"column":57},"end":{"line":121,"column":82}}},"5":{"name":"(anonymous_5)","decl":{"start":{"line":157,"column":10},"end":{"line":157,"column":22}},"loc":{"start":{"line":157,"column":52},"end":{"line":191,"column":3}}},"6":{"name":"(anonymous_6)","decl":{"start":{"line":169,"column":52},"end":{"line":169,"column":53}},"loc":{"start":{"line":169,"column":57},"end":{"line":169,"column":82}}},"7":{"name":"(anonymous_7)","decl":{"start":{"line":201,"column":10},"end":{"line":201,"column":32}},"loc":{"start":{"line":201,"column":78},"end":{"line":236,"column":3}}},"8":{"name":"(anonymous_8)","decl":{"start":{"line":208,"column":52},"end":{"line":208,"column":53}},"loc":{"start":{"line":209,"column":6},"end":{"line":212,"column":30}}},"9":{"name":"(anonymous_9)","decl":{"start":{"line":245,"column":10},"end":{"line":245,"column":27}},"loc":{"start":{"line":245,"column":57},"end":{"line":277,"column":3}}},"10":{"name":"(anonymous_10)","decl":{"start":{"line":252,"column":48},"end":{"line":252,"column":49}},"loc":{"start":{"line":253,"column":6},"end":{"line":253,"column":60}}},"11":{"name":"(anonymous_11)","decl":{"start":{"line":261,"column":53},"end":{"line":261,"column":54}},"loc":{"start":{"line":261,"column":57},"end":{"line":273,"column":5}}},"12":{"name":"(anonymous_12)","decl":{"start":{"line":286,"column":10},"end":{"line":286,"column":27}},"loc":{"start":{"line":286,"column":77},"end":{"line":311,"column":3}}},"13":{"name":"(anonymous_13)","decl":{"start":{"line":292,"column":52},"end":{"line":292,"column":53}},"loc":{"start":{"line":292,"column":57},"end":{"line":292,"column":82}}},"14":{"name":"(anonymous_14)","decl":{"start":{"line":295,"column":33},"end":{"line":295,"column":39}},"loc":{"start":{"line":295,"column":42},"end":{"line":303,"column":5}}},"15":{"name":"(anonymous_15)","decl":{"start":{"line":303,"column":11},"end":{"line":303,"column":12}},"loc":{"start":{"line":303,"column":17},"end":{"line":310,"column":6}}},"16":{"name":"(anonymous_16)","decl":{"start":{"line":319,"column":10},"end":{"line":319,"column":22}},"loc":{"start":{"line":319,"column":51},"end":{"line":332,"column":3}}},"17":{"name":"(anonymous_17)","decl":{"start":{"line":342,"column":10},"end":{"line":342,"column":25}},"loc":{"start":{"line":346,"column":23},"end":{"line":374,"column":3}}},"18":{"name":"(anonymous_18)","decl":{"start":{"line":384,"column":10},"end":{"line":384,"column":30}},"loc":{"start":{"line":388,"column":23},"end":{"line":412,"column":3}}},"19":{"name":"(anonymous_19)","decl":{"start":{"line":420,"column":10},"end":{"line":420,"column":24}},"loc":{"start":{"line":420,"column":61},"end":{"line":431,"column":3}}}},"branchMap":{"0":{"loc":{"start":{"line":60,"column":4},"end":{"line":62,"column":5}},"type":"if","locations":[{"start":{"line":60,"column":4},"end":{"line":62,"column":5}}]},"1":{"loc":{"start":{"line":65,"column":4},"end":{"line":67,"column":5}},"type":"if","locations":[{"start":{"line":65,"column":4},"end":{"line":67,"column":5}}]},"2":{"loc":{"start":{"line":70,"column":4},"end":{"line":72,"column":5}},"type":"if","locations":[{"start":{"line":70,"column":4},"end":{"line":72,"column":5}}]},"3":{"loc":{"start":{"line":75,"column":4},"end":{"line":77,"column":5}},"type":"if","locations":[{"start":{"line":75,"column":4},"end":{"line":77,"column":5}}]},"4":{"loc":{"start":{"line":80,"column":4},"end":{"line":82,"column":5}},"type":"if","locations":[{"start":{"line":80,"column":4},"end":{"line":82,"column":5}}]},"5":{"loc":{"start":{"line":111,"column":26},"end":{"line":113,"column":25}},"type":"cond-expr","locations":[{"start":{"line":112,"column":8},"end":{"line":112,"column":25}},{"start":{"line":113,"column":8},"end":{"line":113,"column":25}}]},"6":{"loc":{"start":{"line":116,"column":4},"end":{"line":118,"column":5}},"type":"if","locations":[{"start":{"line":116,"column":4},"end":{"line":118,"column":5}}]},"7":{"loc":{"start":{"line":124,"column":6},"end":{"line":126,"column":7}},"type":"if","locations":[{"start":{"line":124,"column":6},"end":{"line":126,"column":7}}]},"8":{"loc":{"start":{"line":130,"column":6},"end":{"line":132,"column":7}},"type":"if","locations":[{"start":{"line":130,"column":6},"end":{"line":132,"column":7}}]},"9":{"loc":{"start":{"line":142,"column":6},"end":{"line":144,"column":7}},"type":"if","locations":[{"start":{"line":142,"column":6},"end":{"line":144,"column":7}}]},"10":{"loc":{"start":{"line":142,"column":10},"end":{"line":142,"column":82}},"type":"binary-expr","locations":[{"start":{"line":142,"column":10},"end":{"line":142,"column":21}},{"start":{"line":142,"column":25},"end":{"line":142,"column":82}}]},"11":{"loc":{"start":{"line":159,"column":26},"end":{"line":161,"column":25}},"type":"cond-expr","locations":[{"start":{"line":160,"column":8},"end":{"line":160,"column":25}},{"start":{"line":161,"column":8},"end":{"line":161,"column":25}}]},"12":{"loc":{"start":{"line":164,"column":4},"end":{"line":166,"column":5}},"type":"if","locations":[{"start":{"line":164,"column":4},"end":{"line":166,"column":5}}]},"13":{"loc":{"start":{"line":173,"column":6},"end":{"line":175,"column":7}},"type":"if","locations":[{"start":{"line":173,"column":6},"end":{"line":175,"column":7}}]},"14":{"loc":{"start":{"line":185,"column":6},"end":{"line":187,"column":7}},"type":"if","locations":[{"start":{"line":185,"column":6},"end":{"line":187,"column":7}}]},"15":{"loc":{"start":{"line":185,"column":10},"end":{"line":185,"column":82}},"type":"binary-expr","locations":[{"start":{"line":185,"column":10},"end":{"line":185,"column":21}},{"start":{"line":185,"column":25},"end":{"line":185,"column":82}}]},"16":{"loc":{"start":{"line":203,"column":26},"end":{"line":205,"column":25}},"type":"cond-expr","locations":[{"start":{"line":204,"column":8},"end":{"line":204,"column":25}},{"start":{"line":205,"column":8},"end":{"line":205,"column":25}}]},"17":{"loc":{"start":{"line":209,"column":6},"end":{"line":212,"column":30}},"type":"binary-expr","locations":[{"start":{"line":209,"column":6},"end":{"line":209,"column":29}},{"start":{"line":211,"column":6},"end":{"line":211,"column":79}},{"start":{"line":212,"column":6},"end":{"line":212,"column":30}}]},"18":{"loc":{"start":{"line":211,"column":8},"end":{"line":211,"column":78}},"type":"binary-expr","locations":[{"start":{"line":211,"column":8},"end":{"line":211,"column":41}},{"start":{"line":211,"column":45},"end":{"line":211,"column":78}}]},"19":{"loc":{"start":{"line":218,"column":6},"end":{"line":220,"column":7}},"type":"if","locations":[{"start":{"line":218,"column":6},"end":{"line":220,"column":7}}]},"20":{"loc":{"start":{"line":230,"column":6},"end":{"line":232,"column":7}},"type":"if","locations":[{"start":{"line":230,"column":6},"end":{"line":232,"column":7}}]},"21":{"loc":{"start":{"line":247,"column":26},"end":{"line":249,"column":25}},"type":"cond-expr","locations":[{"start":{"line":248,"column":8},"end":{"line":248,"column":25}},{"start":{"line":249,"column":8},"end":{"line":249,"column":25}}]},"22":{"loc":{"start":{"line":253,"column":6},"end":{"line":253,"column":60}},"type":"binary-expr","locations":[{"start":{"line":253,"column":6},"end":{"line":253,"column":31}},{"start":{"line":253,"column":35},"end":{"line":253,"column":60}}]},"23":{"loc":{"start":{"line":256,"column":4},"end":{"line":258,"column":5}},"type":"if","locations":[{"start":{"line":256,"column":4},"end":{"line":258,"column":5}}]},"24":{"loc":{"start":{"line":262,"column":6},"end":{"line":264,"column":7}},"type":"if","locations":[{"start":{"line":262,"column":6},"end":{"line":264,"column":7}}]},"25":{"loc":{"start":{"line":287,"column":26},"end":{"line":289,"column":25}},"type":"cond-expr","locations":[{"start":{"line":288,"column":8},"end":{"line":288,"column":25}},{"start":{"line":289,"column":8},"end":{"line":289,"column":25}}]},"26":{"loc":{"start":{"line":305,"column":11},"end":{"line":305,"column":39}},"type":"binary-expr","locations":[{"start":{"line":305,"column":11},"end":{"line":305,"column":23}},{"start":{"line":305,"column":27},"end":{"line":305,"column":39}}]},"27":{"loc":{"start":{"line":324,"column":4},"end":{"line":326,"column":5}},"type":"if","locations":[{"start":{"line":324,"column":4},"end":{"line":326,"column":5}}]},"28":{"loc":{"start":{"line":324,"column":8},"end":{"line":324,"column":61}},"type":"binary-expr","locations":[{"start":{"line":324,"column":8},"end":{"line":324,"column":16}},{"start":{"line":324,"column":20},"end":{"line":324,"column":28}},{"start":{"line":324,"column":32},"end":{"line":324,"column":61}}]},"29":{"loc":{"start":{"line":328,"column":17},"end":{"line":328,"column":47}},"type":"cond-expr","locations":[{"start":{"line":328,"column":28},"end":{"line":328,"column":29}},{"start":{"line":328,"column":32},"end":{"line":328,"column":47}}]},"30":{"loc":{"start":{"line":328,"column":32},"end":{"line":328,"column":47}},"type":"cond-expr","locations":[{"start":{"line":328,"column":41},"end":{"line":328,"column":42}},{"start":{"line":328,"column":45},"end":{"line":328,"column":47}}]},"31":{"loc":{"start":{"line":329,"column":17},"end":{"line":329,"column":47}},"type":"cond-expr","locations":[{"start":{"line":329,"column":28},"end":{"line":329,"column":29}},{"start":{"line":329,"column":32},"end":{"line":329,"column":47}}]},"32":{"loc":{"start":{"line":329,"column":32},"end":{"line":329,"column":47}},"type":"cond-expr","locations":[{"start":{"line":329,"column":41},"end":{"line":329,"column":42}},{"start":{"line":329,"column":45},"end":{"line":329,"column":47}}]},"33":{"loc":{"start":{"line":357,"column":11},"end":{"line":357,"column":45}},"type":"binary-expr","locations":[{"start":{"line":357,"column":11},"end":{"line":357,"column":17}},{"start":{"line":357,"column":21},"end":{"line":357,"column":26}},{"start":{"line":357,"column":30},"end":{"line":357,"column":36}},{"start":{"line":357,"column":40},"end":{"line":357,"column":45}}]},"34":{"loc":{"start":{"line":360,"column":6},"end":{"line":362,"column":7}},"type":"if","locations":[{"start":{"line":360,"column":6},"end":{"line":362,"column":7}}]},"35":{"loc":{"start":{"line":360,"column":10},"end":{"line":360,"column":65}},"type":"binary-expr","locations":[{"start":{"line":360,"column":10},"end":{"line":360,"column":15}},{"start":{"line":360,"column":20},"end":{"line":360,"column":39}},{"start":{"line":360,"column":43},"end":{"line":360,"column":64}}]},"36":{"loc":{"start":{"line":364,"column":6},"end":{"line":367,"column":7}},"type":"if","locations":[{"start":{"line":364,"column":6},"end":{"line":367,"column":7}}]},"37":{"loc":{"start":{"line":395,"column":11},"end":{"line":395,"column":45}},"type":"binary-expr","locations":[{"start":{"line":395,"column":11},"end":{"line":395,"column":17}},{"start":{"line":395,"column":21},"end":{"line":395,"column":26}},{"start":{"line":395,"column":30},"end":{"line":395,"column":36}},{"start":{"line":395,"column":40},"end":{"line":395,"column":45}}]},"38":{"loc":{"start":{"line":398,"column":6},"end":{"line":400,"column":7}},"type":"if","locations":[{"start":{"line":398,"column":6},"end":{"line":400,"column":7}}]},"39":{"loc":{"start":{"line":398,"column":10},"end":{"line":398,"column":65}},"type":"binary-expr","locations":[{"start":{"line":398,"column":10},"end":{"line":398,"column":15}},{"start":{"line":398,"column":20},"end":{"line":398,"column":39}},{"start":{"line":398,"column":43},"end":{"line":398,"column":64}}]},"40":{"loc":{"start":{"line":402,"column":6},"end":{"line":405,"column":7}},"type":"if","locations":[{"start":{"line":402,"column":6},"end":{"line":405,"column":7}}]}},"s":{"0":2,"1":2,"2":2,"3":2,"4":11,"5":11,"6":11,"7":1,"8":11,"9":2,"10":11,"11":0,"12":11,"13":0,"14":11,"15":0,"16":11,"17":10,"18":10,"19":10,"20":10,"21":10,"22":10,"23":9,"24":1,"25":5,"26":1,"27":2,"28":1,"29":1,"30":1,"31":0,"32":1,"33":1,"34":1,"35":0,"36":11,"37":11,"38":11,"39":9,"40":2,"41":7,"42":2,"43":4,"44":4,"45":2,"46":2,"47":2,"48":0,"49":2,"50":11,"51":11,"52":11,"53":184,"54":11,"55":28,"56":28,"57":15,"58":13,"59":13,"60":0,"61":11,"62":11,"63":11,"64":11,"65":171,"66":11,"67":0,"68":11,"69":184,"70":92,"71":92,"72":92,"73":0,"74":92,"75":11,"76":10,"77":10,"78":182,"79":10,"80":91,"81":91,"82":0,"83":91,"84":0,"85":33,"86":33,"87":33,"88":17,"89":16,"90":16,"91":16,"92":3,"93":3,"94":3,"95":3,"96":3,"97":3,"98":2,"99":2,"100":2,"101":0,"102":0,"103":0,"104":0,"105":1,"106":13,"107":13,"108":13,"109":13,"110":15,"111":15,"112":0,"113":15,"114":13,"115":2,"116":2,"117":13,"118":2,"119":2,"120":2},"f":{"0":11,"1":11,"2":10,"3":10,"4":5,"5":11,"6":7,"7":11,"8":184,"9":11,"10":171,"11":184,"12":10,"13":182,"14":91,"15":0,"16":33,"17":3,"18":13,"19":2},"b":{"0":[1],"1":[2],"2":[0],"3":[0],"4":[0],"5":[9,1],"6":[9],"7":[1],"8":[0],"9":[1],"10":[1,1],"11":[10,1],"12":[9],"13":[2],"14":[0],"15":[2,1],"16":[10,1],"17":[184,92,86],"18":[92,15],"19":[15],"20":[0],"21":[10,1],"22":[171,86],"23":[0],"24":[92],"25":[9,1],"26":[0,0],"27":[17],"28":[33,31,30],"29":[2,14],"30":[9,5],"31":[2,14],"32":[12,2],"33":[3,3,2,2],"34":[2],"35":[2,2,2],"36":[0],"37":[15,15,15,15],"38":[0],"39":[15,13,13],"40":[13]}}
,"/home/cango/repos/vibe-jam/server/src/engine/GameState.ts": {"path":"/home/cango/repos/vibe-jam/server/src/engine/GameState.ts","statementMap":{"0":{"start":{"line":1,"column":0},"end":{"line":1,"column":36}},"1":{"start":{"line":2,"column":0},"end":{"line":2,"column":null}},"2":{"start":{"line":19,"column":27},"end":{"line":19,"column":29}},"3":{"start":{"line":36,"column":4},"end":{"line":36,"column":47}},"4":{"start":{"line":39,"column":4},"end":{"line":39,"column":35}},"5":{"start":{"line":42,"column":4},"end":{"line":59,"column":6}},"6":{"start":{"line":62,"column":4},"end":{"line":62,"column":29}},"7":{"start":{"line":69,"column":4},"end":{"line":69,"column":29}},"8":{"start":{"line":76,"column":4},"end":{"line":76,"column":29}},"9":{"start":{"line":83,"column":4},"end":{"line":83,"column":22}},"10":{"start":{"line":90,"column":4},"end":{"line":92,"column":57}},"11":{"start":{"line":100,"column":4},"end":{"line":100,"column":55}},"12":{"start":{"line":107,"column":31},"end":{"line":107,"column":33}},"13":{"start":{"line":110,"column":4},"end":{"line":113,"column":5}},"14":{"start":{"line":110,"column":17},"end":{"line":110,"column":18}},"15":{"start":{"line":111,"column":6},"end":{"line":111,"column":108}},"16":{"start":{"line":112,"column":6},"end":{"line":112,"column":108}},"17":{"start":{"line":116,"column":4},"end":{"line":116,"column":109}},"18":{"start":{"line":117,"column":4},"end":{"line":117,"column":109}},"19":{"start":{"line":118,"column":4},"end":{"line":118,"column":109}},"20":{"start":{"line":119,"column":4},"end":{"line":119,"column":109}},"21":{"start":{"line":122,"column":4},"end":{"line":122,"column":111}},"22":{"start":{"line":123,"column":4},"end":{"line":123,"column":111}},"23":{"start":{"line":124,"column":4},"end":{"line":124,"column":111}},"24":{"start":{"line":125,"column":4},"end":{"line":125,"column":111}},"25":{"start":{"line":128,"column":4},"end":{"line":128,"column":111}},"26":{"start":{"line":129,"column":4},"end":{"line":129,"column":111}},"27":{"start":{"line":130,"column":4},"end":{"line":130,"column":111}},"28":{"start":{"line":131,"column":4},"end":{"line":131,"column":111}},"29":{"start":{"line":134,"column":4},"end":{"line":134,"column":110}},"30":{"start":{"line":135,"column":4},"end":{"line":135,"column":110}},"31":{"start":{"line":138,"column":4},"end":{"line":138,"column":109}},"32":{"start":{"line":139,"column":4},"end":{"line":139,"column":109}},"33":{"start":{"line":142,"column":4},"end":{"line":142,"column":31}},"34":{"start":{"line":143,"column":4},"end":{"line":143,"column":23}},"35":{"start":{"line":150,"column":23},"end":{"line":151,"column":null}},"36":{"start":{"line":151,"column":6},"end":{"line":151,"column":45}},"37":{"start":{"line":153,"column":4},"end":{"line":153,"column":43}},"38":{"start":{"line":162,"column":4},"end":{"line":166,"column":5}},"39":{"start":{"line":163,"column":6},"end":{"line":163,"column":50}},"40":{"start":{"line":165,"column":6},"end":{"line":165,"column":50}},"41":{"start":{"line":167,"column":4},"end":{"line":167,"column":43}},"42":{"start":{"line":175,"column":4},"end":{"line":175,"column":33}},"43":{"start":{"line":176,"column":4},"end":{"line":176,"column":43}},"44":{"start":{"line":184,"column":4},"end":{"line":184,"column":37}},"45":{"start":{"line":185,"column":4},"end":{"line":185,"column":43}},"46":{"start":{"line":194,"column":4},"end":{"line":198,"column":5}},"47":{"start":{"line":195,"column":6},"end":{"line":195,"column":40}},"48":{"start":{"line":197,"column":6},"end":{"line":197,"column":40}},"49":{"start":{"line":207,"column":4},"end":{"line":209,"column":33}},"50":{"start":{"line":219,"column":22},"end":{"line":219,"column":45}},"51":{"start":{"line":220,"column":18},"end":{"line":220,"column":49}},"52":{"start":{"line":221,"column":4},"end":{"line":221,"column":35}},"53":{"start":{"line":222,"column":4},"end":{"line":222,"column":17}},"54":{"start":{"line":229,"column":4},"end":{"line":231,"column":26}},"55":{"start":{"line":234,"column":18},"end":{"line":234,"column":40}},"56":{"start":{"line":235,"column":18},"end":{"line":237,"column":46}},"57":{"start":{"line":239,"column":4},"end":{"line":248,"column":5}},"58":{"start":{"line":240,"column":6},"end":{"line":240,"column":37}},"59":{"start":{"line":243,"column":6},"end":{"line":247,"column":7}},"60":{"start":{"line":244,"column":8},"end":{"line":244,"column":51}},"61":{"start":{"line":246,"column":8},"end":{"line":246,"column":51}},"62":{"start":{"line":257,"column":4},"end":{"line":261,"column":5}},"63":{"start":{"line":258,"column":6},"end":{"line":258,"column":55}},"64":{"start":{"line":260,"column":6},"end":{"line":260,"column":55}},"65":{"start":{"line":270,"column":4},"end":{"line":272,"column":6}},"66":{"start":{"line":271,"column":6},"end":{"line":271,"column":72}},"67":{"start":{"line":281,"column":4},"end":{"line":281,"column":44}},"68":{"start":{"line":289,"column":4},"end":{"line":289,"column":43}},"69":{"start":{"line":290,"column":4},"end":{"line":290,"column":23}},"70":{"start":{"line":297,"column":4},"end":{"line":297,"column":39}},"71":{"start":{"line":313,"column":4},"end":{"line":318,"column":6}},"72":{"start":{"line":325,"column":4},"end":{"line":325,"column":43}},"73":{"start":{"line":338,"column":4},"end":{"line":338,"column":38}},"74":{"start":{"line":350,"column":4},"end":{"line":350,"column":36}},"75":{"start":{"line":353,"column":4},"end":{"line":356,"column":5}},"76":{"start":{"line":354,"column":6},"end":{"line":354,"column":34}},"77":{"start":{"line":355,"column":6},"end":{"line":355,"column":33}},"78":{"start":{"line":359,"column":4},"end":{"line":359,"column":23}},"79":{"start":{"line":361,"column":4},"end":{"line":361,"column":22}},"80":{"start":{"line":372,"column":4},"end":{"line":374,"column":5}},"81":{"start":{"line":373,"column":6},"end":{"line":373,"column":41}},"82":{"start":{"line":377,"column":25},"end":{"line":395,"column":6}},"83":{"start":{"line":398,"column":4},"end":{"line":398,"column":49}},"84":{"start":{"line":401,"column":4},"end":{"line":401,"column":23}},"85":{"start":{"line":403,"column":4},"end":{"line":403,"column":22}},"86":{"start":{"line":412,"column":4},"end":{"line":412,"column":50}},"87":{"start":{"line":423,"column":4},"end":{"line":425,"column":5}},"88":{"start":{"line":424,"column":6},"end":{"line":424,"column":64}},"89":{"start":{"line":427,"column":4},"end":{"line":429,"column":5}},"90":{"start":{"line":428,"column":6},"end":{"line":428,"column":72}},"91":{"start":{"line":431,"column":4},"end":{"line":433,"column":5}},"92":{"start":{"line":432,"column":6},"end":{"line":432,"column":69}},"93":{"start":{"line":436,"column":4},"end":{"line":438,"column":5}},"94":{"start":{"line":437,"column":6},"end":{"line":437,"column":84}},"95":{"start":{"line":440,"column":4},"end":{"line":442,"column":5}},"96":{"start":{"line":441,"column":6},"end":{"line":441,"column":84}},"97":{"start":{"line":445,"column":4},"end":{"line":472,"column":5}},"98":{"start":{"line":447,"column":24},"end":{"line":447,"column":41}},"99":{"start":{"line":448,"column":6},"end":{"line":459,"column":9}},"100":{"start":{"line":449,"column":23},"end":{"line":449,"column":64}},"101":{"start":{"line":450,"column":8},"end":{"line":452,"column":9}},"102":{"start":{"line":451,"column":10},"end":{"line":451,"column":82}},"103":{"start":{"line":453,"column":8},"end":{"line":453,"column":30}},"104":{"start":{"line":456,"column":8},"end":{"line":458,"column":9}},"105":{"start":{"line":457,"column":10},"end":{"line":457,"column":84}},"106":{"start":{"line":462,"column":25},"end":{"line":462,"column":109}},"107":{"start":{"line":462,"column":50},"end":{"line":462,"column":108}},"108":{"start":{"line":463,"column":25},"end":{"line":463,"column":109}},"109":{"start":{"line":463,"column":50},"end":{"line":463,"column":108}},"110":{"start":{"line":465,"column":6},"end":{"line":467,"column":7}},"111":{"start":{"line":466,"column":8},"end":{"line":466,"column":108}},"112":{"start":{"line":469,"column":6},"end":{"line":471,"column":7}},"113":{"start":{"line":470,"column":8},"end":{"line":470,"column":108}},"114":{"start":{"line":25,"column":0},"end":{"line":25,"column":13}}},"fnMap":{"0":{"name":"(anonymous_0)","decl":{"start":{"line":35,"column":2},"end":{"line":35,"column":14}},"loc":{"start":{"line":35,"column":73},"end":{"line":63,"column":3}}},"1":{"name":"(anonymous_1)","decl":{"start":{"line":68,"column":2},"end":{"line":68,"column":11}},"loc":{"start":{"line":68,"column":11},"end":{"line":70,"column":3}}},"2":{"name":"(anonymous_2)","decl":{"start":{"line":75,"column":2},"end":{"line":75,"column":10}},"loc":{"start":{"line":75,"column":10},"end":{"line":77,"column":3}}},"3":{"name":"(anonymous_3)","decl":{"start":{"line":82,"column":2},"end":{"line":82,"column":10}},"loc":{"start":{"line":82,"column":10},"end":{"line":84,"column":3}}},"4":{"name":"(anonymous_4)","decl":{"start":{"line":89,"column":2},"end":{"line":89,"column":12}},"loc":{"start":{"line":89,"column":12},"end":{"line":93,"column":3}}},"5":{"name":"(anonymous_5)","decl":{"start":{"line":99,"column":2},"end":{"line":99,"column":11}},"loc":{"start":{"line":99,"column":30},"end":{"line":101,"column":3}}},"6":{"name":"(anonymous_6)","decl":{"start":{"line":106,"column":10},"end":{"line":106,"column":27}},"loc":{"start":{"line":106,"column":27},"end":{"line":144,"column":3}}},"7":{"name":"(anonymous_7)","decl":{"start":{"line":149,"column":10},"end":{"line":149,"column":21}},"loc":{"start":{"line":149,"column":21},"end":{"line":154,"column":3}}},"8":{"name":"(anonymous_8)","decl":{"start":{"line":150,"column":45},"end":{"line":150,"column":53}},"loc":{"start":{"line":151,"column":6},"end":{"line":151,"column":45}}},"9":{"name":"(anonymous_9)","decl":{"start":{"line":161,"column":2},"end":{"line":161,"column":21}},"loc":{"start":{"line":161,"column":59},"end":{"line":168,"column":3}}},"10":{"name":"(anonymous_10)","decl":{"start":{"line":174,"column":2},"end":{"line":174,"column":14}},"loc":{"start":{"line":174,"column":31},"end":{"line":177,"column":3}}},"11":{"name":"(anonymous_11)","decl":{"start":{"line":183,"column":2},"end":{"line":183,"column":14}},"loc":{"start":{"line":183,"column":41},"end":{"line":186,"column":3}}},"12":{"name":"(anonymous_12)","decl":{"start":{"line":193,"column":2},"end":{"line":193,"column":13}},"loc":{"start":{"line":193,"column":48},"end":{"line":199,"column":3}}},"13":{"name":"(anonymous_13)","decl":{"start":{"line":206,"column":2},"end":{"line":206,"column":13}},"loc":{"start":{"line":206,"column":32},"end":{"line":210,"column":3}}},"14":{"name":"(anonymous_14)","decl":{"start":{"line":218,"column":2},"end":{"line":218,"column":13}},"loc":{"start":{"line":218,"column":48},"end":{"line":223,"column":3}}},"15":{"name":"(anonymous_15)","decl":{"start":{"line":228,"column":2},"end":{"line":228,"column":12}},"loc":{"start":{"line":228,"column":12},"end":{"line":249,"column":3}}},"16":{"name":"(anonymous_16)","decl":{"start":{"line":256,"column":2},"end":{"line":256,"column":26}},"loc":{"start":{"line":256,"column":61},"end":{"line":262,"column":3}}},"17":{"name":"(anonymous_17)","decl":{"start":{"line":269,"column":2},"end":{"line":269,"column":13}},"loc":{"start":{"line":269,"column":32},"end":{"line":273,"column":3}}},"18":{"name":"(anonymous_18)","decl":{"start":{"line":270,"column":34},"end":{"line":270,"column":39}},"loc":{"start":{"line":271,"column":6},"end":{"line":271,"column":72}}},"19":{"name":"(anonymous_19)","decl":{"start":{"line":280,"column":2},"end":{"line":280,"column":14}},"loc":{"start":{"line":280,"column":33},"end":{"line":282,"column":3}}},"20":{"name":"(anonymous_20)","decl":{"start":{"line":288,"column":2},"end":{"line":288,"column":14}},"loc":{"start":{"line":288,"column":40},"end":{"line":291,"column":3}}},"21":{"name":"(anonymous_21)","decl":{"start":{"line":296,"column":2},"end":{"line":296,"column":18}},"loc":{"start":{"line":296,"column":18},"end":{"line":298,"column":3}}},"22":{"name":"(anonymous_22)","decl":{"start":{"line":307,"column":2},"end":{"line":307,"column":22}},"loc":{"start":{"line":311,"column":35},"end":{"line":319,"column":3}}},"23":{"name":"(anonymous_23)","decl":{"start":{"line":324,"column":2},"end":{"line":324,"column":22}},"loc":{"start":{"line":324,"column":22},"end":{"line":326,"column":3}}},"24":{"name":"(anonymous_24)","decl":{"start":{"line":332,"column":2},"end":{"line":332,"column":27}},"loc":{"start":{"line":332,"column":27},"end":{"line":339,"column":3}}},"25":{"name":"(anonymous_25)","decl":{"start":{"line":348,"column":2},"end":{"line":348,"column":15}},"loc":{"start":{"line":348,"column":64},"end":{"line":362,"column":3}}},"26":{"name":"(anonymous_26)","decl":{"start":{"line":371,"column":2},"end":{"line":371,"column":15}},"loc":{"start":{"line":371,"column":83},"end":{"line":404,"column":3}}},"27":{"name":"(anonymous_27)","decl":{"start":{"line":411,"column":2},"end":{"line":411,"column":22}},"loc":{"start":{"line":411,"column":22},"end":{"line":413,"column":3}}},"28":{"name":"(anonymous_28)","decl":{"start":{"line":421,"column":10},"end":{"line":421,"column":27}},"loc":{"start":{"line":421,"column":59},"end":{"line":473,"column":3}}},"29":{"name":"(anonymous_29)","decl":{"start":{"line":448,"column":27},"end":{"line":448,"column":32}},"loc":{"start":{"line":448,"column":35},"end":{"line":459,"column":7}}},"30":{"name":"(anonymous_30)","decl":{"start":{"line":462,"column":45},"end":{"line":462,"column":46}},"loc":{"start":{"line":462,"column":50},"end":{"line":462,"column":108}}},"31":{"name":"(anonymous_31)","decl":{"start":{"line":463,"column":45},"end":{"line":463,"column":46}},"loc":{"start":{"line":463,"column":50},"end":{"line":463,"column":108}}}},"branchMap":{"0":{"loc":{"start":{"line":35,"column":31},"end":{"line":35,"column":73}},"type":"default-arg","locations":[{"start":{"line":35,"column":55},"end":{"line":35,"column":73}}]},"1":{"loc":{"start":{"line":43,"column":14},"end":{"line":43,"column":32}},"type":"binary-expr","locations":[{"start":{"line":43,"column":14},"end":{"line":43,"column":20}},{"start":{"line":43,"column":24},"end":{"line":43,"column":32}}]},"2":{"loc":{"start":{"line":90,"column":11},"end":{"line":92,"column":56}},"type":"binary-expr","locations":[{"start":{"line":90,"column":11},"end":{"line":90,"column":61}},{"start":{"line":91,"column":11},"end":{"line":91,"column":61}},{"start":{"line":92,"column":11},"end":{"line":92,"column":56}}]},"3":{"loc":{"start":{"line":162,"column":4},"end":{"line":166,"column":5}},"type":"if","locations":[{"start":{"line":162,"column":4},"end":{"line":166,"column":5}},{"start":{"line":164,"column":11},"end":{"line":166,"column":5}}]},"4":{"loc":{"start":{"line":194,"column":4},"end":{"line":198,"column":5}},"type":"if","locations":[{"start":{"line":194,"column":4},"end":{"line":198,"column":5}},{"start":{"line":196,"column":11},"end":{"line":198,"column":5}}]},"5":{"loc":{"start":{"line":207,"column":11},"end":{"line":209,"column":32}},"type":"cond-expr","locations":[{"start":{"line":208,"column":8},"end":{"line":208,"column":32}},{"start":{"line":209,"column":8},"end":{"line":209,"column":32}}]},"6":{"loc":{"start":{"line":229,"column":29},"end":{"line":231,"column":25}},"type":"cond-expr","locations":[{"start":{"line":230,"column":8},"end":{"line":230,"column":25}},{"start":{"line":231,"column":8},"end":{"line":231,"column":25}}]},"7":{"loc":{"start":{"line":235,"column":18},"end":{"line":237,"column":46}},"type":"cond-expr","locations":[{"start":{"line":236,"column":8},"end":{"line":236,"column":46}},{"start":{"line":237,"column":8},"end":{"line":237,"column":46}}]},"8":{"loc":{"start":{"line":239,"column":4},"end":{"line":248,"column":5}},"type":"if","locations":[{"start":{"line":239,"column":4},"end":{"line":248,"column":5}}]},"9":{"loc":{"start":{"line":243,"column":6},"end":{"line":247,"column":7}},"type":"if","locations":[{"start":{"line":243,"column":6},"end":{"line":247,"column":7}},{"start":{"line":245,"column":13},"end":{"line":247,"column":7}}]},"10":{"loc":{"start":{"line":257,"column":4},"end":{"line":261,"column":5}},"type":"if","locations":[{"start":{"line":257,"column":4},"end":{"line":261,"column":5}},{"start":{"line":259,"column":11},"end":{"line":261,"column":5}}]},"11":{"loc":{"start":{"line":271,"column":6},"end":{"line":271,"column":72}},"type":"binary-expr","locations":[{"start":{"line":271,"column":6},"end":{"line":271,"column":37}},{"start":{"line":271,"column":41},"end":{"line":271,"column":72}}]},"12":{"loc":{"start":{"line":348,"column":36},"end":{"line":348,"column":64}},"type":"default-arg","locations":[{"start":{"line":348,"column":60},"end":{"line":348,"column":64}}]},"13":{"loc":{"start":{"line":353,"column":4},"end":{"line":356,"column":5}},"type":"if","locations":[{"start":{"line":353,"column":4},"end":{"line":356,"column":5}}]},"14":{"loc":{"start":{"line":371,"column":54},"end":{"line":371,"column":83}},"type":"default-arg","locations":[{"start":{"line":371,"column":79},"end":{"line":371,"column":83}}]},"15":{"loc":{"start":{"line":372,"column":4},"end":{"line":374,"column":5}},"type":"if","locations":[{"start":{"line":372,"column":4},"end":{"line":374,"column":5}}]},"16":{"loc":{"start":{"line":378,"column":14},"end":{"line":378,"column":43}},"type":"binary-expr","locations":[{"start":{"line":378,"column":14},"end":{"line":378,"column":31}},{"start":{"line":378,"column":35},"end":{"line":378,"column":43}}]},"17":{"loc":{"start":{"line":379,"column":17},"end":{"line":379,"column":51}},"type":"binary-expr","locations":[{"start":{"line":379,"column":17},"end":{"line":379,"column":37}},{"start":{"line":379,"column":41},"end":{"line":379,"column":51}}]},"18":{"loc":{"start":{"line":381,"column":19},"end":{"line":381,"column":62}},"type":"binary-expr","locations":[{"start":{"line":381,"column":19},"end":{"line":381,"column":41}},{"start":{"line":381,"column":45},"end":{"line":381,"column":62}}]},"19":{"loc":{"start":{"line":382,"column":17},"end":{"line":382,"column":62}},"type":"binary-expr","locations":[{"start":{"line":382,"column":17},"end":{"line":382,"column":37}},{"start":{"line":382,"column":41},"end":{"line":382,"column":62}}]},"20":{"loc":{"start":{"line":383,"column":17},"end":{"line":383,"column":63}},"type":"binary-expr","locations":[{"start":{"line":383,"column":17},"end":{"line":383,"column":37}},{"start":{"line":383,"column":41},"end":{"line":383,"column":63}}]},"21":{"loc":{"start":{"line":384,"column":14},"end":{"line":384,"column":37}},"type":"binary-expr","locations":[{"start":{"line":384,"column":14},"end":{"line":384,"column":31}},{"start":{"line":384,"column":35},"end":{"line":384,"column":37}}]},"22":{"loc":{"start":{"line":385,"column":22},"end":{"line":385,"column":53}},"type":"binary-expr","locations":[{"start":{"line":385,"column":22},"end":{"line":385,"column":47}},{"start":{"line":385,"column":51},"end":{"line":385,"column":53}}]},"23":{"loc":{"start":{"line":386,"column":21},"end":{"line":386,"column":67}},"type":"binary-expr","locations":[{"start":{"line":386,"column":21},"end":{"line":386,"column":45}},{"start":{"line":386,"column":49},"end":{"line":386,"column":67}}]},"24":{"loc":{"start":{"line":387,"column":21},"end":{"line":387,"column":67}},"type":"binary-expr","locations":[{"start":{"line":387,"column":21},"end":{"line":387,"column":45}},{"start":{"line":387,"column":49},"end":{"line":387,"column":67}}]},"25":{"loc":{"start":{"line":390,"column":16},"end":{"line":390,"column":43}},"type":"binary-expr","locations":[{"start":{"line":390,"column":16},"end":{"line":390,"column":35}},{"start":{"line":390,"column":39},"end":{"line":390,"column":43}}]},"26":{"loc":{"start":{"line":391,"column":19},"end":{"line":391,"column":47}},"type":"binary-expr","locations":[{"start":{"line":391,"column":19},"end":{"line":391,"column":41}},{"start":{"line":391,"column":45},"end":{"line":391,"column":47}}]},"27":{"loc":{"start":{"line":394,"column":29},"end":{"line":394,"column":87}},"type":"binary-expr","locations":[{"start":{"line":394,"column":29},"end":{"line":394,"column":61}},{"start":{"line":394,"column":65},"end":{"line":394,"column":87}}]},"28":{"loc":{"start":{"line":423,"column":4},"end":{"line":425,"column":5}},"type":"if","locations":[{"start":{"line":423,"column":4},"end":{"line":425,"column":5}}]},"29":{"loc":{"start":{"line":423,"column":8},"end":{"line":423,"column":52}},"type":"binary-expr","locations":[{"start":{"line":423,"column":8},"end":{"line":423,"column":20}},{"start":{"line":423,"column":24},"end":{"line":423,"column":52}}]},"30":{"loc":{"start":{"line":427,"column":4},"end":{"line":429,"column":5}},"type":"if","locations":[{"start":{"line":427,"column":4},"end":{"line":429,"column":5}}]},"31":{"loc":{"start":{"line":427,"column":8},"end":{"line":427,"column":68}},"type":"binary-expr","locations":[{"start":{"line":427,"column":8},"end":{"line":427,"column":28}},{"start":{"line":427,"column":32},"end":{"line":427,"column":68}}]},"32":{"loc":{"start":{"line":431,"column":4},"end":{"line":433,"column":5}},"type":"if","locations":[{"start":{"line":431,"column":4},"end":{"line":433,"column":5}}]},"33":{"loc":{"start":{"line":431,"column":8},"end":{"line":431,"column":62}},"type":"binary-expr","locations":[{"start":{"line":431,"column":8},"end":{"line":431,"column":25}},{"start":{"line":431,"column":29},"end":{"line":431,"column":62}}]},"34":{"loc":{"start":{"line":436,"column":4},"end":{"line":438,"column":5}},"type":"if","locations":[{"start":{"line":436,"column":4},"end":{"line":438,"column":5}}]},"35":{"loc":{"start":{"line":436,"column":8},"end":{"line":436,"column":113}},"type":"binary-expr","locations":[{"start":{"line":436,"column":8},"end":{"line":436,"column":41}},{"start":{"line":436,"column":46},"end":{"line":436,"column":85}},{"start":{"line":436,"column":89},"end":{"line":436,"column":112}}]},"36":{"loc":{"start":{"line":440,"column":4},"end":{"line":442,"column":5}},"type":"if","locations":[{"start":{"line":440,"column":4},"end":{"line":442,"column":5}}]},"37":{"loc":{"start":{"line":440,"column":8},"end":{"line":440,"column":113}},"type":"binary-expr","locations":[{"start":{"line":440,"column":8},"end":{"line":440,"column":41}},{"start":{"line":440,"column":46},"end":{"line":440,"column":85}},{"start":{"line":440,"column":89},"end":{"line":440,"column":112}}]},"38":{"loc":{"start":{"line":445,"column":4},"end":{"line":472,"column":5}},"type":"if","locations":[{"start":{"line":445,"column":4},"end":{"line":472,"column":5}}]},"39":{"loc":{"start":{"line":450,"column":8},"end":{"line":452,"column":9}},"type":"if","locations":[{"start":{"line":450,"column":8},"end":{"line":452,"column":9}}]},"40":{"loc":{"start":{"line":456,"column":8},"end":{"line":458,"column":9}},"type":"if","locations":[{"start":{"line":456,"column":8},"end":{"line":458,"column":9}}]},"41":{"loc":{"start":{"line":456,"column":12},"end":{"line":456,"column":104}},"type":"binary-expr","locations":[{"start":{"line":456,"column":12},"end":{"line":456,"column":32}},{"start":{"line":456,"column":36},"end":{"line":456,"column":56}},{"start":{"line":456,"column":60},"end":{"line":456,"column":80}},{"start":{"line":456,"column":84},"end":{"line":456,"column":104}}]},"42":{"loc":{"start":{"line":462,"column":50},"end":{"line":462,"column":108}},"type":"binary-expr","locations":[{"start":{"line":462,"column":50},"end":{"line":462,"column":75}},{"start":{"line":462,"column":79},"end":{"line":462,"column":108}}]},"43":{"loc":{"start":{"line":463,"column":50},"end":{"line":463,"column":108}},"type":"binary-expr","locations":[{"start":{"line":463,"column":50},"end":{"line":463,"column":75}},{"start":{"line":463,"column":79},"end":{"line":463,"column":108}}]},"44":{"loc":{"start":{"line":465,"column":6},"end":{"line":467,"column":7}},"type":"if","locations":[{"start":{"line":465,"column":6},"end":{"line":467,"column":7}}]},"45":{"loc":{"start":{"line":469,"column":6},"end":{"line":471,"column":7}},"type":"if","locations":[{"start":{"line":469,"column":6},"end":{"line":471,"column":7}}]}},"s":{"0":3,"1":3,"2":3,"3":29,"4":29,"5":29,"6":29,"7":0,"8":56,"9":74,"10":17,"11":7,"12":29,"13":29,"14":29,"15":232,"16":232,"17":29,"18":29,"19":29,"20":29,"21":29,"22":29,"23":29,"24":29,"25":29,"26":29,"27":29,"28":29,"29":29,"30":29,"31":29,"32":29,"33":29,"34":29,"35":46,"36":986,"37":46,"38":2,"39":1,"40":1,"41":2,"42":3,"43":3,"44":11,"45":11,"46":4,"47":3,"48":1,"49":11,"50":4,"51":4,"52":4,"53":4,"54":9,"55":9,"56":9,"57":9,"58":1,"59":1,"60":1,"61":0,"62":9,"63":7,"64":2,"65":20,"66":296,"67":4,"68":0,"69":0,"70":0,"71":0,"72":0,"73":0,"74":17,"75":17,"76":17,"77":17,"78":17,"79":17,"80":0,"81":0,"82":0,"83":0,"84":0,"85":0,"86":0,"87":0,"88":0,"89":0,"90":0,"91":0,"92":0,"93":0,"94":0,"95":0,"96":0,"97":0,"98":0,"99":0,"100":0,"101":0,"102":0,"103":0,"104":0,"105":0,"106":0,"107":0,"108":0,"109":0,"110":0,"111":0,"112":0,"113":0,"114":3},"f":{"0":29,"1":0,"2":56,"3":74,"4":17,"5":7,"6":29,"7":46,"8":986,"9":2,"10":3,"11":11,"12":4,"13":11,"14":4,"15":9,"16":9,"17":20,"18":296,"19":4,"20":0,"21":0,"22":0,"23":0,"24":0,"25":17,"26":0,"27":0,"28":0,"29":0,"30":0,"31":0},"b":{"0":[28],"1":[29,28],"2":[17,16,15],"3":[1,1],"4":[3,1],"5":[8,3],"6":[7,2],"7":[2,7],"8":[1],"9":[1,0],"10":[7,2],"11":[296,51],"12":[17],"13":[17],"14":[0],"15":[0],"16":[0,0],"17":[0,0],"18":[0,0],"19":[0,0],"20":[0,0],"21":[0,0],"22":[0,0],"23":[0,0],"24":[0,0],"25":[0,0],"26":[0,0],"27":[0,0],"28":[0],"29":[0,0],"30":[0],"31":[0,0],"32":[0],"33":[0,0],"34":[0],"35":[0,0,0],"36":[0],"37":[0,0,0],"38":[0],"39":[0],"40":[0],"41":[0,0,0,0],"42":[0,0],"43":[0,0],"44":[0],"45":[0]}}
,"/home/cango/repos/vibe-jam/server/src/engine/MoveExecutor.ts": {"path":"/home/cango/repos/vibe-jam/server/src/engine/MoveExecutor.ts","statementMap":{"0":{"start":{"line":1,"column":0},"end":{"line":1,"column":null}},"1":{"start":{"line":15,"column":0},"end":{"line":15,"column":64}},"2":{"start":{"line":22,"column":22},"end":{"line":22,"column":42}},"3":{"start":{"line":45,"column":18},"end":{"line":45,"column":43}},"4":{"start":{"line":48,"column":4},"end":{"line":50,"column":5}},"5":{"start":{"line":49,"column":6},"end":{"line":49,"column":84}},"6":{"start":{"line":53,"column":4},"end":{"line":55,"column":5}},"7":{"start":{"line":54,"column":6},"end":{"line":54,"column":77}},"8":{"start":{"line":58,"column":4},"end":{"line":60,"column":5}},"9":{"start":{"line":59,"column":6},"end":{"line":59,"column":91}},"10":{"start":{"line":63,"column":24},"end":{"line":63,"column":56}},"11":{"start":{"line":64,"column":4},"end":{"line":66,"column":5}},"12":{"start":{"line":65,"column":6},"end":{"line":65,"column":93}},"13":{"start":{"line":69,"column":4},"end":{"line":71,"column":5}},"14":{"start":{"line":70,"column":6},"end":{"line":70,"column":93}},"15":{"start":{"line":74,"column":18},"end":{"line":74,"column":43}},"16":{"start":{"line":78,"column":4},"end":{"line":86,"column":5}},"17":{"start":{"line":79,"column":6},"end":{"line":79,"column":61}},"18":{"start":{"line":81,"column":6},"end":{"line":85,"column":8}},"19":{"start":{"line":89,"column":4},"end":{"line":91,"column":5}},"20":{"start":{"line":90,"column":6},"end":{"line":90,"column":90}},"21":{"start":{"line":94,"column":24},"end":{"line":94,"column":54}},"22":{"start":{"line":97,"column":4},"end":{"line":111,"column":5}},"23":{"start":{"line":99,"column":20},"end":{"line":99,"column":45}},"24":{"start":{"line":102,"column":6},"end":{"line":102,"column":61}},"25":{"start":{"line":105,"column":6},"end":{"line":110,"column":8}},"26":{"start":{"line":114,"column":4},"end":{"line":114,"column":67}},"27":{"start":{"line":117,"column":4},"end":{"line":121,"column":6}},"28":{"start":{"line":143,"column":18},"end":{"line":143,"column":43}},"29":{"start":{"line":144,"column":19},"end":{"line":144,"column":36}},"30":{"start":{"line":146,"column":23},"end":{"line":147,"column":null}},"31":{"start":{"line":147,"column":6},"end":{"line":147,"column":56}},"32":{"start":{"line":150,"column":4},"end":{"line":152,"column":5}},"33":{"start":{"line":151,"column":6},"end":{"line":151,"column":89}},"34":{"start":{"line":154,"column":24},"end":{"line":154,"column":42}},"35":{"start":{"line":157,"column":4},"end":{"line":177,"column":5}},"36":{"start":{"line":159,"column":6},"end":{"line":166,"column":7}},"37":{"start":{"line":160,"column":8},"end":{"line":165,"column":10}},"38":{"start":{"line":169,"column":6},"end":{"line":176,"column":7}},"39":{"start":{"line":170,"column":8},"end":{"line":175,"column":10}},"40":{"start":{"line":180,"column":4},"end":{"line":184,"column":6}},"41":{"start":{"line":187,"column":4},"end":{"line":189,"column":5}},"42":{"start":{"line":188,"column":6},"end":{"line":188,"column":44}},"43":{"start":{"line":193,"column":4},"end":{"line":202,"column":5}},"44":{"start":{"line":195,"column":6},"end":{"line":198,"column":8}},"45":{"start":{"line":201,"column":6},"end":{"line":201,"column":41}},"46":{"start":{"line":205,"column":4},"end":{"line":211,"column":7}},"47":{"start":{"line":213,"column":4},"end":{"line":217,"column":6}},"48":{"start":{"line":228,"column":23},"end":{"line":228,"column":36}},"49":{"start":{"line":229,"column":17},"end":{"line":229,"column":23}},"50":{"start":{"line":232,"column":18},"end":{"line":232,"column":36}},"51":{"start":{"line":233,"column":20},"end":{"line":233,"column":52}},"52":{"start":{"line":235,"column":22},"end":{"line":238,"column":null}},"53":{"start":{"line":236,"column":6},"end":{"line":238,"column":27}},"54":{"start":{"line":241,"column":4},"end":{"line":243,"column":5}},"55":{"start":{"line":242,"column":6},"end":{"line":242,"column":53}},"56":{"start":{"line":246,"column":4},"end":{"line":250,"column":6}},"57":{"start":{"line":270,"column":18},"end":{"line":270,"column":43}},"58":{"start":{"line":273,"column":21},"end":{"line":273,"column":33}},"59":{"start":{"line":276,"column":4},"end":{"line":276,"column":36}},"60":{"start":{"line":279,"column":4},"end":{"line":291,"column":6}},"61":{"start":{"line":294,"column":4},"end":{"line":298,"column":6}},"62":{"start":{"line":301,"column":4},"end":{"line":301,"column":32}},"63":{"start":{"line":304,"column":4},"end":{"line":304,"column":30}},"64":{"start":{"line":307,"column":26},"end":{"line":309,"column":25}},"65":{"start":{"line":311,"column":4},"end":{"line":329,"column":5}},"66":{"start":{"line":313,"column":26},"end":{"line":313,"column":69}},"67":{"start":{"line":315,"column":6},"end":{"line":319,"column":7}},"68":{"start":{"line":316,"column":8},"end":{"line":316,"column":63}},"69":{"start":{"line":318,"column":8},"end":{"line":318,"column":59}},"70":{"start":{"line":322,"column":26},"end":{"line":322,"column":69}},"71":{"start":{"line":324,"column":6},"end":{"line":328,"column":7}},"72":{"start":{"line":325,"column":8},"end":{"line":325,"column":63}},"73":{"start":{"line":327,"column":8},"end":{"line":327,"column":60}},"74":{"start":{"line":332,"column":4},"end":{"line":332,"column":119}},"75":{"start":{"line":341,"column":18},"end":{"line":341,"column":43}},"76":{"start":{"line":342,"column":26},"end":{"line":342,"column":43}},"77":{"start":{"line":345,"column":4},"end":{"line":347,"column":5}},"78":{"start":{"line":346,"column":6},"end":{"line":346,"column":19}},"79":{"start":{"line":350,"column":4},"end":{"line":350,"column":54}},"80":{"start":{"line":359,"column":18},"end":{"line":359,"column":43}},"81":{"start":{"line":360,"column":26},"end":{"line":360,"column":43}},"82":{"start":{"line":363,"column":4},"end":{"line":365,"column":5}},"83":{"start":{"line":364,"column":6},"end":{"line":364,"column":19}},"84":{"start":{"line":368,"column":4},"end":{"line":368,"column":54}},"85":{"start":{"line":378,"column":19},"end":{"line":378,"column":77}},"86":{"start":{"line":378,"column":58},"end":{"line":378,"column":76}},"87":{"start":{"line":381,"column":4},"end":{"line":402,"column":5}},"88":{"start":{"line":383,"column":29},"end":{"line":383,"column":65}},"89":{"start":{"line":386,"column":6},"end":{"line":401,"column":7}},"90":{"start":{"line":387,"column":8},"end":{"line":400,"column":9}},"91":{"start":{"line":389,"column":33},"end":{"line":390,"column":null}},"92":{"start":{"line":393,"column":10},"end":{"line":396,"column":11}},"93":{"start":{"line":395,"column":12},"end":{"line":395,"column":25}},"94":{"start":{"line":399,"column":10},"end":{"line":399,"column":19}},"95":{"start":{"line":405,"column":4},"end":{"line":405,"column":16}},"96":{"start":{"line":415,"column":34},"end":{"line":415,"column":36}},"97":{"start":{"line":418,"column":4},"end":{"line":439,"column":5}},"98":{"start":{"line":418,"column":17},"end":{"line":418,"column":18}},"99":{"start":{"line":419,"column":6},"end":{"line":438,"column":7}},"100":{"start":{"line":419,"column":19},"end":{"line":419,"column":20}},"101":{"start":{"line":420,"column":19},"end":{"line":420,"column":27}},"102":{"start":{"line":423,"column":26},"end":{"line":423,"column":46}},"103":{"start":{"line":424,"column":8},"end":{"line":426,"column":9}},"104":{"start":{"line":425,"column":10},"end":{"line":425,"column":19}},"105":{"start":{"line":428,"column":8},"end":{"line":437,"column":9}},"106":{"start":{"line":430,"column":10},"end":{"line":430,"column":64}},"107":{"start":{"line":433,"column":10},"end":{"line":433,"column":29}},"108":{"start":{"line":436,"column":10},"end":{"line":436,"column":19}},"109":{"start":{"line":441,"column":4},"end":{"line":441,"column":21}},"110":{"start":{"line":460,"column":34},"end":{"line":460,"column":75}},"111":{"start":{"line":463,"column":25},"end":{"line":467,"column":null}},"112":{"start":{"line":471,"column":4},"end":{"line":471,"column":71}},"113":{"start":{"line":21,"column":0},"end":{"line":21,"column":13}}},"fnMap":{"0":{"name":"(anonymous_0)","decl":{"start":{"line":22,"column":2},"end":{"line":22,"column":22}},"loc":{"start":{"line":22,"column":42},"end":{"line":22,"column":46}}},"1":{"name":"(anonymous_1)","decl":{"start":{"line":32,"column":2},"end":{"line":32,"column":13}},"loc":{"start":{"line":36,"column":30},"end":{"line":122,"column":3}}},"2":{"name":"(anonymous_2)","decl":{"start":{"line":132,"column":10},"end":{"line":132,"column":31}},"loc":{"start":{"line":136,"column":30},"end":{"line":218,"column":3}}},"3":{"name":"(anonymous_3)","decl":{"start":{"line":146,"column":40},"end":{"line":146,"column":41}},"loc":{"start":{"line":147,"column":6},"end":{"line":147,"column":56}}},"4":{"name":"(anonymous_4)","decl":{"start":{"line":226,"column":10},"end":{"line":226,"column":24}},"loc":{"start":{"line":226,"column":73},"end":{"line":251,"column":3}}},"5":{"name":"(anonymous_5)","decl":{"start":{"line":235,"column":39},"end":{"line":235,"column":40}},"loc":{"start":{"line":236,"column":6},"end":{"line":238,"column":27}}},"6":{"name":"(anonymous_6)","decl":{"start":{"line":258,"column":10},"end":{"line":258,"column":34}},"loc":{"start":{"line":267,"column":5},"end":{"line":333,"column":3}}},"7":{"name":"(anonymous_7)","decl":{"start":{"line":340,"column":10},"end":{"line":340,"column":21}},"loc":{"start":{"line":340,"column":34},"end":{"line":351,"column":3}}},"8":{"name":"(anonymous_8)","decl":{"start":{"line":358,"column":10},"end":{"line":358,"column":21}},"loc":{"start":{"line":358,"column":34},"end":{"line":369,"column":3}}},"9":{"name":"(anonymous_9)","decl":{"start":{"line":377,"column":10},"end":{"line":377,"column":25}},"loc":{"start":{"line":377,"column":59},"end":{"line":406,"column":3}}},"10":{"name":"(anonymous_10)","decl":{"start":{"line":378,"column":44},"end":{"line":378,"column":45}},"loc":{"start":{"line":378,"column":58},"end":{"line":378,"column":76}}},"11":{"name":"(anonymous_11)","decl":{"start":{"line":414,"column":10},"end":{"line":414,"column":27}},"loc":{"start":{"line":414,"column":54},"end":{"line":442,"column":3}}},"12":{"name":"(anonymous_12)","decl":{"start":{"line":452,"column":10},"end":{"line":452,"column":29}},"loc":{"start":{"line":457,"column":28},"end":{"line":472,"column":3}}}},"branchMap":{"0":{"loc":{"start":{"line":48,"column":4},"end":{"line":50,"column":5}},"type":"if","locations":[{"start":{"line":48,"column":4},"end":{"line":50,"column":5}}]},"1":{"loc":{"start":{"line":53,"column":4},"end":{"line":55,"column":5}},"type":"if","locations":[{"start":{"line":53,"column":4},"end":{"line":55,"column":5}}]},"2":{"loc":{"start":{"line":58,"column":4},"end":{"line":60,"column":5}},"type":"if","locations":[{"start":{"line":58,"column":4},"end":{"line":60,"column":5}}]},"3":{"loc":{"start":{"line":64,"column":4},"end":{"line":66,"column":5}},"type":"if","locations":[{"start":{"line":64,"column":4},"end":{"line":66,"column":5}}]},"4":{"loc":{"start":{"line":69,"column":4},"end":{"line":71,"column":5}},"type":"if","locations":[{"start":{"line":69,"column":4},"end":{"line":71,"column":5}}]},"5":{"loc":{"start":{"line":83,"column":15},"end":{"line":83,"column":62}},"type":"cond-expr","locations":[{"start":{"line":83,"column":36},"end":{"line":83,"column":45}},{"start":{"line":83,"column":48},"end":{"line":83,"column":62}}]},"6":{"loc":{"start":{"line":89,"column":4},"end":{"line":91,"column":5}},"type":"if","locations":[{"start":{"line":89,"column":4},"end":{"line":91,"column":5}}]},"7":{"loc":{"start":{"line":97,"column":4},"end":{"line":111,"column":5}},"type":"if","locations":[{"start":{"line":97,"column":4},"end":{"line":111,"column":5}}]},"8":{"loc":{"start":{"line":97,"column":8},"end":{"line":97,"column":52}},"type":"binary-expr","locations":[{"start":{"line":97,"column":8},"end":{"line":97,"column":37}},{"start":{"line":97,"column":41},"end":{"line":97,"column":52}}]},"9":{"loc":{"start":{"line":147,"column":6},"end":{"line":147,"column":56}},"type":"binary-expr","locations":[{"start":{"line":147,"column":6},"end":{"line":147,"column":29}},{"start":{"line":147,"column":33},"end":{"line":147,"column":56}}]},"10":{"loc":{"start":{"line":150,"column":4},"end":{"line":152,"column":5}},"type":"if","locations":[{"start":{"line":150,"column":4},"end":{"line":152,"column":5}}]},"11":{"loc":{"start":{"line":157,"column":4},"end":{"line":177,"column":5}},"type":"if","locations":[{"start":{"line":157,"column":4},"end":{"line":177,"column":5}}]},"12":{"loc":{"start":{"line":159,"column":6},"end":{"line":166,"column":7}},"type":"if","locations":[{"start":{"line":159,"column":6},"end":{"line":166,"column":7}}]},"13":{"loc":{"start":{"line":169,"column":6},"end":{"line":176,"column":7}},"type":"if","locations":[{"start":{"line":169,"column":6},"end":{"line":176,"column":7}}]},"14":{"loc":{"start":{"line":169,"column":10},"end":{"line":169,"column":80}},"type":"binary-expr","locations":[{"start":{"line":169,"column":10},"end":{"line":169,"column":43}},{"start":{"line":169,"column":47},"end":{"line":169,"column":80}}]},"15":{"loc":{"start":{"line":187,"column":4},"end":{"line":189,"column":5}},"type":"if","locations":[{"start":{"line":187,"column":4},"end":{"line":189,"column":5}}]},"16":{"loc":{"start":{"line":193,"column":4},"end":{"line":202,"column":5}},"type":"if","locations":[{"start":{"line":193,"column":4},"end":{"line":202,"column":5}}]},"17":{"loc":{"start":{"line":193,"column":8},"end":{"line":193,"column":57}},"type":"binary-expr","locations":[{"start":{"line":193,"column":8},"end":{"line":193,"column":39}},{"start":{"line":193,"column":43},"end":{"line":193,"column":57}}]},"18":{"loc":{"start":{"line":232,"column":18},"end":{"line":232,"column":36}},"type":"cond-expr","locations":[{"start":{"line":232,"column":31},"end":{"line":232,"column":32}},{"start":{"line":232,"column":35},"end":{"line":232,"column":36}}]},"19":{"loc":{"start":{"line":233,"column":20},"end":{"line":233,"column":52}},"type":"cond-expr","locations":[{"start":{"line":233,"column":33},"end":{"line":233,"column":41}},{"start":{"line":233,"column":44},"end":{"line":233,"column":52}}]},"20":{"loc":{"start":{"line":236,"column":6},"end":{"line":238,"column":27}},"type":"binary-expr","locations":[{"start":{"line":236,"column":6},"end":{"line":236,"column":31}},{"start":{"line":237,"column":6},"end":{"line":237,"column":28}},{"start":{"line":238,"column":6},"end":{"line":238,"column":27}}]},"21":{"loc":{"start":{"line":241,"column":4},"end":{"line":243,"column":5}},"type":"if","locations":[{"start":{"line":241,"column":4},"end":{"line":243,"column":5}}]},"22":{"loc":{"start":{"line":307,"column":26},"end":{"line":309,"column":25}},"type":"cond-expr","locations":[{"start":{"line":308,"column":8},"end":{"line":308,"column":25}},{"start":{"line":309,"column":8},"end":{"line":309,"column":25}}]},"23":{"loc":{"start":{"line":311,"column":4},"end":{"line":329,"column":5}},"type":"if","locations":[{"start":{"line":311,"column":4},"end":{"line":329,"column":5}},{"start":{"line":320,"column":11},"end":{"line":329,"column":5}}]},"24":{"loc":{"start":{"line":315,"column":6},"end":{"line":319,"column":7}},"type":"if","locations":[{"start":{"line":315,"column":6},"end":{"line":319,"column":7}},{"start":{"line":317,"column":13},"end":{"line":319,"column":7}}]},"25":{"loc":{"start":{"line":324,"column":6},"end":{"line":328,"column":7}},"type":"if","locations":[{"start":{"line":324,"column":6},"end":{"line":328,"column":7}},{"start":{"line":326,"column":13},"end":{"line":328,"column":7}}]},"26":{"loc":{"start":{"line":345,"column":4},"end":{"line":347,"column":5}},"type":"if","locations":[{"start":{"line":345,"column":4},"end":{"line":347,"column":5}}]},"27":{"loc":{"start":{"line":363,"column":4},"end":{"line":365,"column":5}},"type":"if","locations":[{"start":{"line":363,"column":4},"end":{"line":365,"column":5}}]},"28":{"loc":{"start":{"line":393,"column":10},"end":{"line":396,"column":11}},"type":"if","locations":[{"start":{"line":393,"column":10},"end":{"line":396,"column":11}}]},"29":{"loc":{"start":{"line":424,"column":8},"end":{"line":426,"column":9}},"type":"if","locations":[{"start":{"line":424,"column":8},"end":{"line":426,"column":9}}]},"30":{"loc":{"start":{"line":424,"column":12},"end":{"line":424,"column":56}},"type":"binary-expr","locations":[{"start":{"line":424,"column":12},"end":{"line":424,"column":21}},{"start":{"line":424,"column":25},"end":{"line":424,"column":56}}]}},"s":{"0":2,"1":2,"2":10,"3":13,"4":13,"5":0,"6":13,"7":2,"8":11,"9":0,"10":11,"11":11,"12":1,"13":10,"14":1,"15":9,"16":9,"17":9,"18":3,"19":6,"20":0,"21":6,"22":6,"23":0,"24":0,"25":0,"26":6,"27":6,"28":6,"29":6,"30":6,"31":40,"32":6,"33":0,"34":6,"35":6,"36":0,"37":0,"38":0,"39":0,"40":6,"41":6,"42":1,"43":6,"44":0,"45":0,"46":6,"47":6,"48":1,"49":1,"50":1,"51":1,"52":1,"53":3,"54":1,"55":0,"56":1,"57":6,"58":6,"59":6,"60":6,"61":6,"62":6,"63":6,"64":6,"65":6,"66":0,"67":0,"68":0,"69":0,"70":6,"71":6,"72":0,"73":6,"74":6,"75":0,"76":0,"77":0,"78":0,"79":0,"80":6,"81":6,"82":6,"83":0,"84":6,"85":6,"86":135,"87":6,"88":6,"89":6,"90":6,"91":6,"92":6,"93":6,"94":0,"95":0,"96":6,"97":6,"98":6,"99":48,"100":48,"101":384,"102":384,"103":384,"104":66,"105":318,"106":318,"107":18,"108":300,"109":6,"110":6,"111":6,"112":6,"113":2},"f":{"0":10,"1":13,"2":6,"3":40,"4":1,"5":3,"6":6,"7":0,"8":6,"9":6,"10":135,"11":6,"12":6},"b":{"0":[0],"1":[2],"2":[0],"3":[1],"4":[1],"5":[3,0],"6":[0],"7":[0],"8":[6,0],"9":[40,10],"10":[0],"11":[0],"12":[0],"13":[0],"14":[0,0],"15":[1],"16":[0],"17":[6,0],"18":[1,0],"19":[1,0],"20":[3,1,1],"21":[0],"22":[5,1],"23":[0,6],"24":[0,0],"25":[0,6],"26":[0],"27":[0],"28":[6],"29":[66],"30":[384,134]}}
,"/home/cango/repos/vibe-jam/server/src/utils/ScenarioFactory.ts": {"path":"/home/cango/repos/vibe-jam/server/src/utils/ScenarioFactory.ts","statementMap":{"0":{"start":{"line":1,"column":0},"end":{"line":1,"column":36}},"1":{"start":{"line":2,"column":0},"end":{"line":2,"column":null}},"2":{"start":{"line":10,"column":0},"end":{"line":10,"column":48}},"3":{"start":{"line":23,"column":22},"end":{"line":23,"column":37}},"4":{"start":{"line":24,"column":4},"end":{"line":24,"column":21}},"5":{"start":{"line":33,"column":22},"end":{"line":33,"column":37}},"6":{"start":{"line":36,"column":31},"end":{"line":51,"column":6}},"7":{"start":{"line":53,"column":4},"end":{"line":53,"column":36}},"8":{"start":{"line":54,"column":4},"end":{"line":54,"column":21}},"9":{"start":{"line":62,"column":22},"end":{"line":62,"column":37}},"10":{"start":{"line":65,"column":31},"end":{"line":98,"column":6}},"11":{"start":{"line":75,"column":46},"end":{"line":81,"column":8}},"12":{"start":{"line":101,"column":4},"end":{"line":101,"column":36}},"13":{"start":{"line":102,"column":4},"end":{"line":102,"column":54}},"14":{"start":{"line":104,"column":4},"end":{"line":104,"column":21}},"15":{"start":{"line":112,"column":22},"end":{"line":112,"column":37}},"16":{"start":{"line":115,"column":31},"end":{"line":137,"column":6}},"17":{"start":{"line":140,"column":4},"end":{"line":140,"column":36}},"18":{"start":{"line":141,"column":4},"end":{"line":141,"column":54}},"19":{"start":{"line":143,"column":4},"end":{"line":143,"column":21}},"20":{"start":{"line":152,"column":22},"end":{"line":152,"column":37}},"21":{"start":{"line":155,"column":31},"end":{"line":187,"column":6}},"22":{"start":{"line":190,"column":4},"end":{"line":190,"column":36}},"23":{"start":{"line":193,"column":4},"end":{"line":193,"column":49}},"24":{"start":{"line":194,"column":4},"end":{"line":194,"column":49}},"25":{"start":{"line":196,"column":4},"end":{"line":196,"column":21}},"26":{"start":{"line":205,"column":22},"end":{"line":205,"column":37}},"27":{"start":{"line":206,"column":4},"end":{"line":206,"column":42}},"28":{"start":{"line":207,"column":4},"end":{"line":207,"column":21}},"29":{"start":{"line":17,"column":0},"end":{"line":17,"column":13}},"30":{"start":{"line":214,"column":13},"end":{"line":231,"column":2}}},"fnMap":{"0":{"name":"(anonymous_0)","decl":{"start":{"line":22,"column":2},"end":{"line":22,"column":8}},"loc":{"start":{"line":22,"column":27},"end":{"line":25,"column":3}}},"1":{"name":"(anonymous_1)","decl":{"start":{"line":32,"column":2},"end":{"line":32,"column":8}},"loc":{"start":{"line":32,"column":34},"end":{"line":55,"column":3}}},"2":{"name":"(anonymous_2)","decl":{"start":{"line":61,"column":2},"end":{"line":61,"column":8}},"loc":{"start":{"line":61,"column":32},"end":{"line":105,"column":3}}},"3":{"name":"(anonymous_3)","decl":{"start":{"line":75,"column":35},"end":{"line":75,"column":36}},"loc":{"start":{"line":75,"column":46},"end":{"line":81,"column":8}}},"4":{"name":"(anonymous_4)","decl":{"start":{"line":111,"column":2},"end":{"line":111,"column":8}},"loc":{"start":{"line":111,"column":32},"end":{"line":144,"column":3}}},"5":{"name":"(anonymous_5)","decl":{"start":{"line":151,"column":2},"end":{"line":151,"column":8}},"loc":{"start":{"line":151,"column":27},"end":{"line":197,"column":3}}},"6":{"name":"(anonymous_6)","decl":{"start":{"line":204,"column":2},"end":{"line":204,"column":8}},"loc":{"start":{"line":204,"column":70},"end":{"line":208,"column":3}}}},"branchMap":{},"s":{"0":3,"1":3,"2":3,"3":0,"4":0,"5":8,"6":8,"7":8,"8":8,"9":1,"10":1,"11":8,"12":1,"13":1,"14":1,"15":0,"16":0,"17":0,"18":0,"19":0,"20":0,"21":0,"22":0,"23":0,"24":0,"25":0,"26":0,"27":0,"28":0,"29":3,"30":3},"f":{"0":0,"1":8,"2":1,"3":8,"4":0,"5":0,"6":0},"b":{}}
}
