TN:
SF:src/engine/BPRegenerationService.ts
FN:37,(anonymous_0)
FN:47,(anonymous_1)
FN:94,(anonymous_2)
FN:109,(anonymous_3)
FN:121,(anonymous_4)
FN:157,(anonymous_5)
FN:169,(anonymous_6)
FN:201,(anonymous_7)
FN:208,(anonymous_8)
FN:245,(anonymous_9)
FN:252,(anonymous_10)
FN:261,(anonymous_11)
FN:286,(anonymous_12)
FN:292,(anonymous_13)
FN:295,(anonymous_14)
FN:303,(anonymous_15)
FN:319,(anonymous_16)
FN:342,(anonymous_17)
FN:384,(anonymous_18)
FN:420,(anonymous_19)
FNF:20
FNH:19
FNDA:11,(anonymous_0)
FNDA:11,(anonymous_1)
FNDA:10,(anonymous_2)
FNDA:10,(anonymous_3)
FNDA:5,(anonymous_4)
FNDA:11,(anonymous_5)
FNDA:7,(anonymous_6)
FNDA:11,(anonymous_7)
FNDA:184,(anonymous_8)
FNDA:11,(anonymous_9)
FNDA:171,(anonymous_10)
FNDA:184,(anonymous_11)
FNDA:10,(anonymous_12)
FNDA:182,(anonymous_13)
FNDA:91,(anonymous_14)
FNDA:0,(anonymous_15)
FNDA:33,(anonymous_16)
FNDA:3,(anonymous_17)
FNDA:13,(anonymous_18)
FNDA:2,(anonymous_19)
DA:1,2
DA:2,2
DA:18,2
DA:23,2
DA:36,2
DA:37,11
DA:54,11
DA:60,11
DA:61,1
DA:65,11
DA:66,2
DA:70,11
DA:71,0
DA:75,11
DA:76,0
DA:80,11
DA:81,0
DA:84,11
DA:95,10
DA:96,10
DA:99,10
DA:110,10
DA:111,10
DA:116,10
DA:117,9
DA:121,5
DA:122,1
DA:124,2
DA:125,1
DA:129,1
DA:130,1
DA:131,0
DA:135,1
DA:142,1
DA:143,1
DA:147,0
DA:158,11
DA:159,11
DA:164,11
DA:165,9
DA:169,7
DA:170,2
DA:172,4
DA:173,4
DA:174,2
DA:178,2
DA:185,2
DA:186,0
DA:190,2
DA:202,11
DA:203,11
DA:208,11
DA:209,184
DA:215,11
DA:217,28
DA:218,28
DA:219,15
DA:223,13
DA:230,13
DA:231,0
DA:235,11
DA:246,11
DA:247,11
DA:252,11
DA:253,171
DA:256,11
DA:257,0
DA:261,11
DA:262,184
DA:263,92
DA:266,92
DA:268,92
DA:269,0
DA:271,92
DA:276,11
DA:287,10
DA:292,182
DA:295,10
DA:296,91
DA:298,91
DA:299,0
DA:301,91
DA:303,0
DA:320,33
DA:321,33
DA:324,33
DA:325,17
DA:328,16
DA:329,16
DA:331,16
DA:348,3
DA:349,3
DA:350,3
DA:353,3
DA:354,3
DA:357,3
DA:358,2
DA:360,2
DA:361,2
DA:364,0
DA:366,0
DA:369,0
DA:370,0
DA:373,1
DA:390,13
DA:391,13
DA:392,13
DA:395,13
DA:396,15
DA:398,15
DA:399,0
DA:402,15
DA:404,13
DA:407,2
DA:408,2
DA:411,13
DA:421,2
DA:430,2
LF:118
LH:102
BRDA:60,0,0,1
BRDA:65,1,0,2
BRDA:70,2,0,0
BRDA:75,3,0,0
BRDA:80,4,0,0
BRDA:111,5,0,9
BRDA:111,5,1,1
BRDA:116,6,0,9
BRDA:124,7,0,1
BRDA:130,8,0,0
BRDA:142,9,0,1
BRDA:142,10,0,1
BRDA:142,10,1,1
BRDA:159,11,0,10
BRDA:159,11,1,1
BRDA:164,12,0,9
BRDA:173,13,0,2
BRDA:185,14,0,0
BRDA:185,15,0,2
BRDA:185,15,1,1
BRDA:203,16,0,10
BRDA:203,16,1,1
BRDA:209,17,0,184
BRDA:209,17,1,92
BRDA:209,17,2,86
BRDA:211,18,0,92
BRDA:211,18,1,15
BRDA:218,19,0,15
BRDA:230,20,0,0
BRDA:247,21,0,10
BRDA:247,21,1,1
BRDA:253,22,0,171
BRDA:253,22,1,86
BRDA:256,23,0,0
BRDA:262,24,0,92
BRDA:287,25,0,9
BRDA:287,25,1,1
BRDA:305,26,0,0
BRDA:305,26,1,0
BRDA:324,27,0,17
BRDA:324,28,0,33
BRDA:324,28,1,31
BRDA:324,28,2,30
BRDA:328,29,0,2
BRDA:328,29,1,14
BRDA:328,30,0,9
BRDA:328,30,1,5
BRDA:329,31,0,2
BRDA:329,31,1,14
BRDA:329,32,0,12
BRDA:329,32,1,2
BRDA:357,33,0,3
BRDA:357,33,1,3
BRDA:357,33,2,2
BRDA:357,33,3,2
BRDA:360,34,0,2
BRDA:360,35,0,2
BRDA:360,35,1,2
BRDA:360,35,2,2
BRDA:364,36,0,0
BRDA:395,37,0,15
BRDA:395,37,1,15
BRDA:395,37,2,15
BRDA:395,37,3,15
BRDA:398,38,0,0
BRDA:398,39,0,15
BRDA:398,39,1,13
BRDA:398,39,2,13
BRDA:402,40,0,13
BRF:69
BRH:58
end_of_record
TN:
SF:src/engine/GameState.ts
FN:35,(anonymous_0)
FN:68,(anonymous_1)
FN:75,(anonymous_2)
FN:82,(anonymous_3)
FN:89,(anonymous_4)
FN:99,(anonymous_5)
FN:106,(anonymous_6)
FN:149,(anonymous_7)
FN:150,(anonymous_8)
FN:161,(anonymous_9)
FN:174,(anonymous_10)
FN:183,(anonymous_11)
FN:193,(anonymous_12)
FN:206,(anonymous_13)
FN:218,(anonymous_14)
FN:228,(anonymous_15)
FN:256,(anonymous_16)
FN:269,(anonymous_17)
FN:270,(anonymous_18)
FN:280,(anonymous_19)
FN:288,(anonymous_20)
FN:296,(anonymous_21)
FN:307,(anonymous_22)
FN:324,(anonymous_23)
FN:332,(anonymous_24)
FN:348,(anonymous_25)
FN:371,(anonymous_26)
FN:411,(anonymous_27)
FN:421,(anonymous_28)
FN:448,(anonymous_29)
FN:462,(anonymous_30)
FN:463,(anonymous_31)
FNF:32
FNH:20
FNDA:29,(anonymous_0)
FNDA:0,(anonymous_1)
FNDA:56,(anonymous_2)
FNDA:74,(anonymous_3)
FNDA:17,(anonymous_4)
FNDA:7,(anonymous_5)
FNDA:29,(anonymous_6)
FNDA:46,(anonymous_7)
FNDA:986,(anonymous_8)
FNDA:2,(anonymous_9)
FNDA:3,(anonymous_10)
FNDA:11,(anonymous_11)
FNDA:4,(anonymous_12)
FNDA:11,(anonymous_13)
FNDA:4,(anonymous_14)
FNDA:9,(anonymous_15)
FNDA:9,(anonymous_16)
FNDA:20,(anonymous_17)
FNDA:296,(anonymous_18)
FNDA:4,(anonymous_19)
FNDA:0,(anonymous_20)
FNDA:0,(anonymous_21)
FNDA:0,(anonymous_22)
FNDA:0,(anonymous_23)
FNDA:0,(anonymous_24)
FNDA:17,(anonymous_25)
FNDA:0,(anonymous_26)
FNDA:0,(anonymous_27)
FNDA:0,(anonymous_28)
FNDA:0,(anonymous_29)
FNDA:0,(anonymous_30)
FNDA:0,(anonymous_31)
DA:1,3
DA:2,3
DA:19,3
DA:25,3
DA:36,29
DA:39,29
DA:42,29
DA:62,29
DA:69,0
DA:76,56
DA:83,74
DA:90,17
DA:100,7
DA:107,29
DA:110,29
DA:111,232
DA:112,232
DA:116,29
DA:117,29
DA:118,29
DA:119,29
DA:122,29
DA:123,29
DA:124,29
DA:125,29
DA:128,29
DA:129,29
DA:130,29
DA:131,29
DA:134,29
DA:135,29
DA:138,29
DA:139,29
DA:142,29
DA:143,29
DA:150,46
DA:151,986
DA:153,46
DA:162,2
DA:163,1
DA:165,1
DA:167,2
DA:175,3
DA:176,3
DA:184,11
DA:185,11
DA:194,4
DA:195,3
DA:197,1
DA:207,11
DA:219,4
DA:220,4
DA:221,4
DA:222,4
DA:229,9
DA:234,9
DA:235,9
DA:239,9
DA:240,1
DA:243,1
DA:244,1
DA:246,0
DA:257,9
DA:258,7
DA:260,2
DA:270,20
DA:271,296
DA:281,4
DA:289,0
DA:290,0
DA:297,0
DA:313,0
DA:325,0
DA:338,0
DA:350,17
DA:353,17
DA:354,17
DA:355,17
DA:359,17
DA:361,17
DA:372,0
DA:373,0
DA:377,0
DA:398,0
DA:401,0
DA:403,0
DA:412,0
DA:423,0
DA:424,0
DA:427,0
DA:428,0
DA:431,0
DA:432,0
DA:436,0
DA:437,0
DA:440,0
DA:441,0
DA:445,0
DA:447,0
DA:448,0
DA:449,0
DA:450,0
DA:451,0
DA:453,0
DA:456,0
DA:457,0
DA:462,0
DA:463,0
DA:465,0
DA:466,0
DA:469,0
DA:470,0
LF:112
LH:72
BRDA:35,0,0,28
BRDA:43,1,0,29
BRDA:43,1,1,28
BRDA:90,2,0,17
BRDA:90,2,1,16
BRDA:90,2,2,15
BRDA:162,3,0,1
BRDA:162,3,1,1
BRDA:194,4,0,3
BRDA:194,4,1,1
BRDA:207,5,0,8
BRDA:207,5,1,3
BRDA:229,6,0,7
BRDA:229,6,1,2
BRDA:235,7,0,2
BRDA:235,7,1,7
BRDA:239,8,0,1
BRDA:243,9,0,1
BRDA:243,9,1,0
BRDA:257,10,0,7
BRDA:257,10,1,2
BRDA:271,11,0,296
BRDA:271,11,1,51
BRDA:348,12,0,17
BRDA:353,13,0,17
BRDA:371,14,0,0
BRDA:372,15,0,0
BRDA:378,16,0,0
BRDA:378,16,1,0
BRDA:379,17,0,0
BRDA:379,17,1,0
BRDA:381,18,0,0
BRDA:381,18,1,0
BRDA:382,19,0,0
BRDA:382,19,1,0
BRDA:383,20,0,0
BRDA:383,20,1,0
BRDA:384,21,0,0
BRDA:384,21,1,0
BRDA:385,22,0,0
BRDA:385,22,1,0
BRDA:386,23,0,0
BRDA:386,23,1,0
BRDA:387,24,0,0
BRDA:387,24,1,0
BRDA:390,25,0,0
BRDA:390,25,1,0
BRDA:391,26,0,0
BRDA:391,26,1,0
BRDA:394,27,0,0
BRDA:394,27,1,0
BRDA:423,28,0,0
BRDA:423,29,0,0
BRDA:423,29,1,0
BRDA:427,30,0,0
BRDA:427,31,0,0
BRDA:427,31,1,0
BRDA:431,32,0,0
BRDA:431,33,0,0
BRDA:431,33,1,0
BRDA:436,34,0,0
BRDA:436,35,0,0
BRDA:436,35,1,0
BRDA:436,35,2,0
BRDA:440,36,0,0
BRDA:440,37,0,0
BRDA:440,37,1,0
BRDA:440,37,2,0
BRDA:445,38,0,0
BRDA:450,39,0,0
BRDA:456,40,0,0
BRDA:456,41,0,0
BRDA:456,41,1,0
BRDA:456,41,2,0
BRDA:456,41,3,0
BRDA:462,42,0,0
BRDA:462,42,1,0
BRDA:463,43,0,0
BRDA:463,43,1,0
BRDA:465,44,0,0
BRDA:469,45,0,0
BRF:81
BRH:24
end_of_record
TN:
SF:src/engine/MoveExecutor.ts
FN:22,(anonymous_0)
FN:32,(anonymous_1)
FN:132,(anonymous_2)
FN:146,(anonymous_3)
FN:226,(anonymous_4)
FN:235,(anonymous_5)
FN:258,(anonymous_6)
FN:340,(anonymous_7)
FN:358,(anonymous_8)
FN:377,(anonymous_9)
FN:378,(anonymous_10)
FN:414,(anonymous_11)
FN:452,(anonymous_12)
FNF:13
FNH:12
FNDA:10,(anonymous_0)
FNDA:13,(anonymous_1)
FNDA:6,(anonymous_2)
FNDA:40,(anonymous_3)
FNDA:1,(anonymous_4)
FNDA:3,(anonymous_5)
FNDA:6,(anonymous_6)
FNDA:0,(anonymous_7)
FNDA:6,(anonymous_8)
FNDA:6,(anonymous_9)
FNDA:135,(anonymous_10)
FNDA:6,(anonymous_11)
FNDA:6,(anonymous_12)
DA:1,2
DA:15,2
DA:21,2
DA:22,10
DA:45,13
DA:48,13
DA:49,0
DA:53,13
DA:54,2
DA:58,11
DA:59,0
DA:63,11
DA:64,11
DA:65,1
DA:69,10
DA:70,1
DA:74,9
DA:78,9
DA:79,9
DA:81,3
DA:89,6
DA:90,0
DA:94,6
DA:97,6
DA:99,0
DA:102,0
DA:105,0
DA:114,6
DA:117,6
DA:143,6
DA:144,6
DA:146,6
DA:147,40
DA:150,6
DA:151,0
DA:154,6
DA:157,6
DA:159,0
DA:160,0
DA:169,0
DA:170,0
DA:180,6
DA:187,6
DA:188,1
DA:193,6
DA:195,0
DA:201,0
DA:205,6
DA:213,6
DA:228,1
DA:229,1
DA:232,1
DA:233,1
DA:235,1
DA:236,3
DA:241,1
DA:242,0
DA:246,1
DA:270,6
DA:273,6
DA:276,6
DA:279,6
DA:294,6
DA:301,6
DA:304,6
DA:307,6
DA:311,6
DA:313,0
DA:315,0
DA:316,0
DA:318,0
DA:322,6
DA:324,6
DA:325,0
DA:327,6
DA:332,6
DA:341,0
DA:342,0
DA:345,0
DA:346,0
DA:350,0
DA:359,6
DA:360,6
DA:363,6
DA:364,0
DA:368,6
DA:378,135
DA:381,6
DA:383,6
DA:386,6
DA:387,6
DA:389,6
DA:393,6
DA:395,6
DA:399,0
DA:405,0
DA:415,6
DA:418,6
DA:419,48
DA:420,384
DA:423,384
DA:424,384
DA:425,66
DA:428,318
DA:430,318
DA:433,18
DA:436,300
DA:441,6
DA:460,6
DA:463,6
DA:471,6
LF:111
LH:84
BRDA:48,0,0,0
BRDA:53,1,0,2
BRDA:58,2,0,0
BRDA:64,3,0,1
BRDA:69,4,0,1
BRDA:83,5,0,3
BRDA:83,5,1,0
BRDA:89,6,0,0
BRDA:97,7,0,0
BRDA:97,8,0,6
BRDA:97,8,1,0
BRDA:147,9,0,40
BRDA:147,9,1,10
BRDA:150,10,0,0
BRDA:157,11,0,0
BRDA:159,12,0,0
BRDA:169,13,0,0
BRDA:169,14,0,0
BRDA:169,14,1,0
BRDA:187,15,0,1
BRDA:193,16,0,0
BRDA:193,17,0,6
BRDA:193,17,1,0
BRDA:232,18,0,1
BRDA:232,18,1,0
BRDA:233,19,0,1
BRDA:233,19,1,0
BRDA:236,20,0,3
BRDA:236,20,1,1
BRDA:236,20,2,1
BRDA:241,21,0,0
BRDA:307,22,0,5
BRDA:307,22,1,1
BRDA:311,23,0,0
BRDA:311,23,1,6
BRDA:315,24,0,0
BRDA:315,24,1,0
BRDA:324,25,0,0
BRDA:324,25,1,6
BRDA:345,26,0,0
BRDA:363,27,0,0
BRDA:393,28,0,6
BRDA:424,29,0,66
BRDA:424,30,0,384
BRDA:424,30,1,134
BRF:45
BRH:22
end_of_record
TN:
SF:src/utils/ScenarioFactory.ts
FN:22,(anonymous_0)
FN:32,(anonymous_1)
FN:61,(anonymous_2)
FN:75,(anonymous_3)
FN:111,(anonymous_4)
FN:151,(anonymous_5)
FN:204,(anonymous_6)
FNF:7
FNH:3
FNDA:0,(anonymous_0)
FNDA:8,(anonymous_1)
FNDA:1,(anonymous_2)
FNDA:8,(anonymous_3)
FNDA:0,(anonymous_4)
FNDA:0,(anonymous_5)
FNDA:0,(anonymous_6)
DA:1,3
DA:2,3
DA:10,3
DA:17,3
DA:23,0
DA:24,0
DA:33,8
DA:36,8
DA:53,8
DA:54,8
DA:62,1
DA:65,1
DA:75,8
DA:101,1
DA:102,1
DA:104,1
DA:112,0
DA:115,0
DA:140,0
DA:141,0
DA:143,0
DA:152,0
DA:155,0
DA:190,0
DA:193,0
DA:194,0
DA:196,0
DA:205,0
DA:206,0
DA:207,0
DA:214,3
LF:31
LH:15
BRF:0
BRH:0
end_of_record
